[2023-11-10T13:11:00.287+0000] {processor.py:157} INFO - Started process (PID=63) to work on /home/airflow/.local/lib/python3.8/site-packages/airflow/example_dags/example_branch_operator.py
[2023-11-10T13:11:00.288+0000] {processor.py:829} INFO - Processing file /home/airflow/.local/lib/python3.8/site-packages/airflow/example_dags/example_branch_operator.py for tasks to queue
[2023-11-10T13:11:00.291+0000] {logging_mixin.py:154} INFO - [2023-11-10T13:11:00.290+0000] {dagbag.py:536} INFO - Filling up the DagBag from /home/airflow/.local/lib/python3.8/site-packages/airflow/example_dags/example_branch_operator.py
[2023-11-10T13:11:00.307+0000] {processor.py:839} INFO - DAG(s) dict_keys(['example_branch_operator']) retrieved from /home/airflow/.local/lib/python3.8/site-packages/airflow/example_dags/example_branch_operator.py
[2023-11-10T13:11:00.323+0000] {logging_mixin.py:154} INFO - [2023-11-10T13:11:00.323+0000] {dag.py:2941} INFO - Sync 1 DAGs
[2023-11-10T13:11:00.360+0000] {logging_mixin.py:154} INFO - [2023-11-10T13:11:00.360+0000] {dag.py:3722} INFO - Setting next_dagrun for example_branch_operator to 2023-11-09T00:00:00+00:00, run_after=2023-11-10T00:00:00+00:00
[2023-11-10T13:11:00.380+0000] {processor.py:179} INFO - Processing /home/airflow/.local/lib/python3.8/site-packages/airflow/example_dags/example_branch_operator.py took 0.097 seconds
[2023-11-10T13:11:30.641+0000] {processor.py:157} INFO - Started process (PID=117) to work on /home/airflow/.local/lib/python3.8/site-packages/airflow/example_dags/example_branch_operator.py
[2023-11-10T13:11:30.641+0000] {processor.py:829} INFO - Processing file /home/airflow/.local/lib/python3.8/site-packages/airflow/example_dags/example_branch_operator.py for tasks to queue
[2023-11-10T13:11:30.643+0000] {logging_mixin.py:154} INFO - [2023-11-10T13:11:30.643+0000] {dagbag.py:536} INFO - Filling up the DagBag from /home/airflow/.local/lib/python3.8/site-packages/airflow/example_dags/example_branch_operator.py
[2023-11-10T13:11:30.650+0000] {processor.py:839} INFO - DAG(s) dict_keys(['example_branch_operator']) retrieved from /home/airflow/.local/lib/python3.8/site-packages/airflow/example_dags/example_branch_operator.py
[2023-11-10T13:11:30.666+0000] {logging_mixin.py:154} INFO - [2023-11-10T13:11:30.666+0000] {dag.py:2941} INFO - Sync 1 DAGs
[2023-11-10T13:11:30.684+0000] {logging_mixin.py:154} INFO - [2023-11-10T13:11:30.684+0000] {dag.py:3722} INFO - Setting next_dagrun for example_branch_operator to 2023-11-09T00:00:00+00:00, run_after=2023-11-10T00:00:00+00:00
[2023-11-10T13:11:30.699+0000] {processor.py:179} INFO - Processing /home/airflow/.local/lib/python3.8/site-packages/airflow/example_dags/example_branch_operator.py took 0.060 seconds
[2023-11-10T13:12:00.758+0000] {processor.py:157} INFO - Started process (PID=171) to work on /home/airflow/.local/lib/python3.8/site-packages/airflow/example_dags/example_branch_operator.py
[2023-11-10T13:12:00.759+0000] {processor.py:829} INFO - Processing file /home/airflow/.local/lib/python3.8/site-packages/airflow/example_dags/example_branch_operator.py for tasks to queue
[2023-11-10T13:12:00.763+0000] {logging_mixin.py:154} INFO - [2023-11-10T13:12:00.762+0000] {dagbag.py:536} INFO - Filling up the DagBag from /home/airflow/.local/lib/python3.8/site-packages/airflow/example_dags/example_branch_operator.py
[2023-11-10T13:12:00.775+0000] {processor.py:839} INFO - DAG(s) dict_keys(['example_branch_operator']) retrieved from /home/airflow/.local/lib/python3.8/site-packages/airflow/example_dags/example_branch_operator.py
[2023-11-10T13:12:00.806+0000] {logging_mixin.py:154} INFO - [2023-11-10T13:12:00.805+0000] {dag.py:2941} INFO - Sync 1 DAGs
[2023-11-10T13:12:00.844+0000] {logging_mixin.py:154} INFO - [2023-11-10T13:12:00.843+0000] {dag.py:3722} INFO - Setting next_dagrun for example_branch_operator to 2023-11-09T00:00:00+00:00, run_after=2023-11-10T00:00:00+00:00
[2023-11-10T13:12:00.870+0000] {processor.py:179} INFO - Processing /home/airflow/.local/lib/python3.8/site-packages/airflow/example_dags/example_branch_operator.py took 0.117 seconds
