[2023-11-10T13:11:00.806+0000] {processor.py:157} INFO - Started process (PID=73) to work on /home/airflow/.local/lib/python3.8/site-packages/airflow/example_dags/example_dynamic_task_mapping.py
[2023-11-10T13:11:00.808+0000] {processor.py:829} INFO - Processing file /home/airflow/.local/lib/python3.8/site-packages/airflow/example_dags/example_dynamic_task_mapping.py for tasks to queue
[2023-11-10T13:11:00.812+0000] {logging_mixin.py:154} INFO - [2023-11-10T13:11:00.811+0000] {dagbag.py:536} INFO - Filling up the DagBag from /home/airflow/.local/lib/python3.8/site-packages/airflow/example_dags/example_dynamic_task_mapping.py
[2023-11-10T13:11:00.826+0000] {processor.py:839} INFO - DAG(s) dict_keys(['example_dynamic_task_mapping']) retrieved from /home/airflow/.local/lib/python3.8/site-packages/airflow/example_dags/example_dynamic_task_mapping.py
[2023-11-10T13:11:00.842+0000] {logging_mixin.py:154} INFO - [2023-11-10T13:11:00.842+0000] {dag.py:2941} INFO - Sync 1 DAGs
[2023-11-10T13:11:00.867+0000] {logging_mixin.py:154} INFO - [2023-11-10T13:11:00.867+0000] {dag.py:3722} INFO - Setting next_dagrun for example_dynamic_task_mapping to 2022-03-04T00:00:00+00:00, run_after=2022-03-05T00:00:00+00:00
[2023-11-10T13:11:00.883+0000] {processor.py:179} INFO - Processing /home/airflow/.local/lib/python3.8/site-packages/airflow/example_dags/example_dynamic_task_mapping.py took 0.082 seconds
[2023-11-10T13:11:31.160+0000] {processor.py:157} INFO - Started process (PID=127) to work on /home/airflow/.local/lib/python3.8/site-packages/airflow/example_dags/example_dynamic_task_mapping.py
[2023-11-10T13:11:31.161+0000] {processor.py:829} INFO - Processing file /home/airflow/.local/lib/python3.8/site-packages/airflow/example_dags/example_dynamic_task_mapping.py for tasks to queue
[2023-11-10T13:11:31.163+0000] {logging_mixin.py:154} INFO - [2023-11-10T13:11:31.162+0000] {dagbag.py:536} INFO - Filling up the DagBag from /home/airflow/.local/lib/python3.8/site-packages/airflow/example_dags/example_dynamic_task_mapping.py
[2023-11-10T13:11:31.168+0000] {processor.py:839} INFO - DAG(s) dict_keys(['example_dynamic_task_mapping']) retrieved from /home/airflow/.local/lib/python3.8/site-packages/airflow/example_dags/example_dynamic_task_mapping.py
[2023-11-10T13:11:31.184+0000] {logging_mixin.py:154} INFO - [2023-11-10T13:11:31.183+0000] {dag.py:2941} INFO - Sync 1 DAGs
[2023-11-10T13:11:31.202+0000] {logging_mixin.py:154} INFO - [2023-11-10T13:11:31.202+0000] {dag.py:3722} INFO - Setting next_dagrun for example_dynamic_task_mapping to 2022-03-04T00:00:00+00:00, run_after=2022-03-05T00:00:00+00:00
[2023-11-10T13:11:31.219+0000] {processor.py:179} INFO - Processing /home/airflow/.local/lib/python3.8/site-packages/airflow/example_dags/example_dynamic_task_mapping.py took 0.061 seconds
[2023-11-10T13:12:01.399+0000] {processor.py:157} INFO - Started process (PID=181) to work on /home/airflow/.local/lib/python3.8/site-packages/airflow/example_dags/example_dynamic_task_mapping.py
[2023-11-10T13:12:01.400+0000] {processor.py:829} INFO - Processing file /home/airflow/.local/lib/python3.8/site-packages/airflow/example_dags/example_dynamic_task_mapping.py for tasks to queue
[2023-11-10T13:12:01.403+0000] {logging_mixin.py:154} INFO - [2023-11-10T13:12:01.402+0000] {dagbag.py:536} INFO - Filling up the DagBag from /home/airflow/.local/lib/python3.8/site-packages/airflow/example_dags/example_dynamic_task_mapping.py
[2023-11-10T13:12:01.409+0000] {processor.py:839} INFO - DAG(s) dict_keys(['example_dynamic_task_mapping']) retrieved from /home/airflow/.local/lib/python3.8/site-packages/airflow/example_dags/example_dynamic_task_mapping.py
[2023-11-10T13:12:01.431+0000] {logging_mixin.py:154} INFO - [2023-11-10T13:12:01.430+0000] {dag.py:2941} INFO - Sync 1 DAGs
[2023-11-10T13:12:01.455+0000] {logging_mixin.py:154} INFO - [2023-11-10T13:12:01.455+0000] {dag.py:3722} INFO - Setting next_dagrun for example_dynamic_task_mapping to 2022-03-04T00:00:00+00:00, run_after=2022-03-05T00:00:00+00:00
[2023-11-10T13:12:01.473+0000] {processor.py:179} INFO - Processing /home/airflow/.local/lib/python3.8/site-packages/airflow/example_dags/example_dynamic_task_mapping.py took 0.077 seconds
