[2023-11-10T13:11:00.506+0000] {processor.py:157} INFO - Started process (PID=68) to work on /home/airflow/.local/lib/python3.8/site-packages/airflow/example_dags/example_subdag_operator.py
[2023-11-10T13:11:00.507+0000] {processor.py:829} INFO - Processing file /home/airflow/.local/lib/python3.8/site-packages/airflow/example_dags/example_subdag_operator.py for tasks to queue
[2023-11-10T13:11:00.511+0000] {logging_mixin.py:154} INFO - [2023-11-10T13:11:00.510+0000] {dagbag.py:536} INFO - Filling up the DagBag from /home/airflow/.local/lib/python3.8/site-packages/airflow/example_dags/example_subdag_operator.py
[2023-11-10T13:11:00.547+0000] {processor.py:839} INFO - DAG(s) dict_keys(['example_subdag_operator.section-1', 'example_subdag_operator.section-2', 'example_subdag_operator']) retrieved from /home/airflow/.local/lib/python3.8/site-packages/airflow/example_dags/example_subdag_operator.py
[2023-11-10T13:11:00.552+0000] {logging_mixin.py:154} INFO - [2023-11-10T13:11:00.552+0000] {dag.py:2941} INFO - Sync 3 DAGs
[2023-11-10T13:11:00.593+0000] {logging_mixin.py:154} INFO - [2023-11-10T13:11:00.593+0000] {dag.py:3722} INFO - Setting next_dagrun for example_subdag_operator to 2022-01-01T00:00:00+00:00, run_after=2022-01-01T00:00:00+00:00
[2023-11-10T13:11:00.598+0000] {logging_mixin.py:154} INFO - [2023-11-10T13:11:00.598+0000] {dag.py:3722} INFO - Setting next_dagrun for example_subdag_operator.section-1 to None, run_after=None
[2023-11-10T13:11:00.600+0000] {logging_mixin.py:154} INFO - [2023-11-10T13:11:00.600+0000] {dag.py:3722} INFO - Setting next_dagrun for example_subdag_operator.section-2 to None, run_after=None
[2023-11-10T13:11:00.612+0000] {logging_mixin.py:154} INFO - [2023-11-10T13:11:00.612+0000] {dag.py:2941} INFO - Sync 2 DAGs
[2023-11-10T13:11:00.623+0000] {logging_mixin.py:154} INFO - [2023-11-10T13:11:00.622+0000] {dag.py:3722} INFO - Setting next_dagrun for example_subdag_operator.section-1 to None, run_after=None
[2023-11-10T13:11:00.624+0000] {logging_mixin.py:154} INFO - [2023-11-10T13:11:00.623+0000] {dag.py:3722} INFO - Setting next_dagrun for example_subdag_operator.section-2 to None, run_after=None
[2023-11-10T13:11:00.642+0000] {processor.py:179} INFO - Processing /home/airflow/.local/lib/python3.8/site-packages/airflow/example_dags/example_subdag_operator.py took 0.139 seconds
[2023-11-10T13:11:30.855+0000] {processor.py:157} INFO - Started process (PID=122) to work on /home/airflow/.local/lib/python3.8/site-packages/airflow/example_dags/example_subdag_operator.py
[2023-11-10T13:11:30.856+0000] {processor.py:829} INFO - Processing file /home/airflow/.local/lib/python3.8/site-packages/airflow/example_dags/example_subdag_operator.py for tasks to queue
[2023-11-10T13:11:30.859+0000] {logging_mixin.py:154} INFO - [2023-11-10T13:11:30.858+0000] {dagbag.py:536} INFO - Filling up the DagBag from /home/airflow/.local/lib/python3.8/site-packages/airflow/example_dags/example_subdag_operator.py
[2023-11-10T13:11:30.888+0000] {processor.py:839} INFO - DAG(s) dict_keys(['example_subdag_operator.section-1', 'example_subdag_operator.section-2', 'example_subdag_operator']) retrieved from /home/airflow/.local/lib/python3.8/site-packages/airflow/example_dags/example_subdag_operator.py
[2023-11-10T13:11:30.902+0000] {logging_mixin.py:154} INFO - [2023-11-10T13:11:30.902+0000] {dag.py:2941} INFO - Sync 3 DAGs
[2023-11-10T13:11:30.923+0000] {logging_mixin.py:154} INFO - [2023-11-10T13:11:30.923+0000] {dag.py:3722} INFO - Setting next_dagrun for example_subdag_operator to 2022-01-01T00:00:00+00:00, run_after=2022-01-01T00:00:00+00:00
[2023-11-10T13:11:30.927+0000] {logging_mixin.py:154} INFO - [2023-11-10T13:11:30.927+0000] {dag.py:3722} INFO - Setting next_dagrun for example_subdag_operator.section-1 to None, run_after=None
[2023-11-10T13:11:30.930+0000] {logging_mixin.py:154} INFO - [2023-11-10T13:11:30.929+0000] {dag.py:3722} INFO - Setting next_dagrun for example_subdag_operator.section-2 to None, run_after=None
[2023-11-10T13:11:30.937+0000] {logging_mixin.py:154} INFO - [2023-11-10T13:11:30.937+0000] {dag.py:2941} INFO - Sync 2 DAGs
[2023-11-10T13:11:30.944+0000] {logging_mixin.py:154} INFO - [2023-11-10T13:11:30.944+0000] {dag.py:3722} INFO - Setting next_dagrun for example_subdag_operator.section-1 to None, run_after=None
[2023-11-10T13:11:30.944+0000] {logging_mixin.py:154} INFO - [2023-11-10T13:11:30.944+0000] {dag.py:3722} INFO - Setting next_dagrun for example_subdag_operator.section-2 to None, run_after=None
[2023-11-10T13:11:30.956+0000] {processor.py:179} INFO - Processing /home/airflow/.local/lib/python3.8/site-packages/airflow/example_dags/example_subdag_operator.py took 0.103 seconds
[2023-11-10T13:12:01.101+0000] {processor.py:157} INFO - Started process (PID=176) to work on /home/airflow/.local/lib/python3.8/site-packages/airflow/example_dags/example_subdag_operator.py
[2023-11-10T13:12:01.102+0000] {processor.py:829} INFO - Processing file /home/airflow/.local/lib/python3.8/site-packages/airflow/example_dags/example_subdag_operator.py for tasks to queue
[2023-11-10T13:12:01.104+0000] {logging_mixin.py:154} INFO - [2023-11-10T13:12:01.103+0000] {dagbag.py:536} INFO - Filling up the DagBag from /home/airflow/.local/lib/python3.8/site-packages/airflow/example_dags/example_subdag_operator.py
[2023-11-10T13:12:01.131+0000] {processor.py:839} INFO - DAG(s) dict_keys(['example_subdag_operator.section-1', 'example_subdag_operator.section-2', 'example_subdag_operator']) retrieved from /home/airflow/.local/lib/python3.8/site-packages/airflow/example_dags/example_subdag_operator.py
[2023-11-10T13:12:01.148+0000] {logging_mixin.py:154} INFO - [2023-11-10T13:12:01.148+0000] {dag.py:2941} INFO - Sync 3 DAGs
[2023-11-10T13:12:01.172+0000] {logging_mixin.py:154} INFO - [2023-11-10T13:12:01.171+0000] {dag.py:3722} INFO - Setting next_dagrun for example_subdag_operator to 2022-01-01T00:00:00+00:00, run_after=2022-01-01T00:00:00+00:00
[2023-11-10T13:12:01.175+0000] {logging_mixin.py:154} INFO - [2023-11-10T13:12:01.175+0000] {dag.py:3722} INFO - Setting next_dagrun for example_subdag_operator.section-1 to None, run_after=None
[2023-11-10T13:12:01.177+0000] {logging_mixin.py:154} INFO - [2023-11-10T13:12:01.177+0000] {dag.py:3722} INFO - Setting next_dagrun for example_subdag_operator.section-2 to None, run_after=None
[2023-11-10T13:12:01.184+0000] {logging_mixin.py:154} INFO - [2023-11-10T13:12:01.183+0000] {dag.py:2941} INFO - Sync 2 DAGs
[2023-11-10T13:12:01.189+0000] {logging_mixin.py:154} INFO - [2023-11-10T13:12:01.189+0000] {dag.py:3722} INFO - Setting next_dagrun for example_subdag_operator.section-1 to None, run_after=None
[2023-11-10T13:12:01.190+0000] {logging_mixin.py:154} INFO - [2023-11-10T13:12:01.189+0000] {dag.py:3722} INFO - Setting next_dagrun for example_subdag_operator.section-2 to None, run_after=None
[2023-11-10T13:12:01.200+0000] {processor.py:179} INFO - Processing /home/airflow/.local/lib/python3.8/site-packages/airflow/example_dags/example_subdag_operator.py took 0.102 seconds
