[2023-11-10T13:11:00.401+0000] {processor.py:157} INFO - Started process (PID=65) to work on /home/airflow/.local/lib/python3.8/site-packages/airflow/example_dags/example_branch_labels.py
[2023-11-10T13:11:00.401+0000] {processor.py:829} INFO - Processing file /home/airflow/.local/lib/python3.8/site-packages/airflow/example_dags/example_branch_labels.py for tasks to queue
[2023-11-10T13:11:00.404+0000] {logging_mixin.py:154} INFO - [2023-11-10T13:11:00.403+0000] {dagbag.py:536} INFO - Filling up the DagBag from /home/airflow/.local/lib/python3.8/site-packages/airflow/example_dags/example_branch_labels.py
[2023-11-10T13:11:00.413+0000] {processor.py:839} INFO - DAG(s) dict_keys(['example_branch_labels']) retrieved from /home/airflow/.local/lib/python3.8/site-packages/airflow/example_dags/example_branch_labels.py
[2023-11-10T13:11:00.424+0000] {logging_mixin.py:154} INFO - [2023-11-10T13:11:00.424+0000] {dag.py:2941} INFO - Sync 1 DAGs
[2023-11-10T13:11:00.450+0000] {logging_mixin.py:154} INFO - [2023-11-10T13:11:00.449+0000] {dag.py:3722} INFO - Setting next_dagrun for example_branch_labels to 2023-11-09T00:00:00+00:00, run_after=2023-11-10T00:00:00+00:00
[2023-11-10T13:11:00.466+0000] {processor.py:179} INFO - Processing /home/airflow/.local/lib/python3.8/site-packages/airflow/example_dags/example_branch_labels.py took 0.068 seconds
[2023-11-10T13:11:30.718+0000] {processor.py:157} INFO - Started process (PID=119) to work on /home/airflow/.local/lib/python3.8/site-packages/airflow/example_dags/example_branch_labels.py
[2023-11-10T13:11:30.718+0000] {processor.py:829} INFO - Processing file /home/airflow/.local/lib/python3.8/site-packages/airflow/example_dags/example_branch_labels.py for tasks to queue
[2023-11-10T13:11:30.720+0000] {logging_mixin.py:154} INFO - [2023-11-10T13:11:30.720+0000] {dagbag.py:536} INFO - Filling up the DagBag from /home/airflow/.local/lib/python3.8/site-packages/airflow/example_dags/example_branch_labels.py
[2023-11-10T13:11:30.726+0000] {processor.py:839} INFO - DAG(s) dict_keys(['example_branch_labels']) retrieved from /home/airflow/.local/lib/python3.8/site-packages/airflow/example_dags/example_branch_labels.py
[2023-11-10T13:11:30.743+0000] {logging_mixin.py:154} INFO - [2023-11-10T13:11:30.742+0000] {dag.py:2941} INFO - Sync 1 DAGs
[2023-11-10T13:11:30.760+0000] {logging_mixin.py:154} INFO - [2023-11-10T13:11:30.760+0000] {dag.py:3722} INFO - Setting next_dagrun for example_branch_labels to 2023-11-09T00:00:00+00:00, run_after=2023-11-10T00:00:00+00:00
[2023-11-10T13:11:30.777+0000] {processor.py:179} INFO - Processing /home/airflow/.local/lib/python3.8/site-packages/airflow/example_dags/example_branch_labels.py took 0.061 seconds
[2023-11-10T13:12:00.906+0000] {processor.py:157} INFO - Started process (PID=173) to work on /home/airflow/.local/lib/python3.8/site-packages/airflow/example_dags/example_branch_labels.py
[2023-11-10T13:12:00.908+0000] {processor.py:829} INFO - Processing file /home/airflow/.local/lib/python3.8/site-packages/airflow/example_dags/example_branch_labels.py for tasks to queue
[2023-11-10T13:12:00.913+0000] {logging_mixin.py:154} INFO - [2023-11-10T13:12:00.912+0000] {dagbag.py:536} INFO - Filling up the DagBag from /home/airflow/.local/lib/python3.8/site-packages/airflow/example_dags/example_branch_labels.py
[2023-11-10T13:12:00.924+0000] {processor.py:839} INFO - DAG(s) dict_keys(['example_branch_labels']) retrieved from /home/airflow/.local/lib/python3.8/site-packages/airflow/example_dags/example_branch_labels.py
[2023-11-10T13:12:00.953+0000] {logging_mixin.py:154} INFO - [2023-11-10T13:12:00.953+0000] {dag.py:2941} INFO - Sync 1 DAGs
[2023-11-10T13:12:00.984+0000] {logging_mixin.py:154} INFO - [2023-11-10T13:12:00.984+0000] {dag.py:3722} INFO - Setting next_dagrun for example_branch_labels to 2023-11-09T00:00:00+00:00, run_after=2023-11-10T00:00:00+00:00
[2023-11-10T13:12:01.006+0000] {processor.py:179} INFO - Processing /home/airflow/.local/lib/python3.8/site-packages/airflow/example_dags/example_branch_labels.py took 0.106 seconds
