[2023-11-10T13:10:59.911+0000] {processor.py:157} INFO - Started process (PID=55) to work on /home/airflow/.local/lib/python3.8/site-packages/airflow/example_dags/example_short_circuit_operator.py
[2023-11-10T13:10:59.913+0000] {processor.py:829} INFO - Processing file /home/airflow/.local/lib/python3.8/site-packages/airflow/example_dags/example_short_circuit_operator.py for tasks to queue
[2023-11-10T13:10:59.918+0000] {logging_mixin.py:154} INFO - [2023-11-10T13:10:59.918+0000] {dagbag.py:536} INFO - Filling up the DagBag from /home/airflow/.local/lib/python3.8/site-packages/airflow/example_dags/example_short_circuit_operator.py
[2023-11-10T13:10:59.931+0000] {processor.py:839} INFO - DAG(s) dict_keys(['example_short_circuit_operator']) retrieved from /home/airflow/.local/lib/python3.8/site-packages/airflow/example_dags/example_short_circuit_operator.py
[2023-11-10T13:10:59.943+0000] {logging_mixin.py:154} INFO - [2023-11-10T13:10:59.943+0000] {dag.py:2941} INFO - Sync 1 DAGs
[2023-11-10T13:10:59.970+0000] {logging_mixin.py:154} INFO - [2023-11-10T13:10:59.970+0000] {dag.py:3722} INFO - Setting next_dagrun for example_short_circuit_operator to 2023-11-09T13:10:59.969744+00:00, run_after=2023-11-10T13:10:59.969744+00:00
[2023-11-10T13:10:59.990+0000] {processor.py:179} INFO - Processing /home/airflow/.local/lib/python3.8/site-packages/airflow/example_dags/example_short_circuit_operator.py took 0.084 seconds
[2023-11-10T13:11:30.284+0000] {processor.py:157} INFO - Started process (PID=109) to work on /home/airflow/.local/lib/python3.8/site-packages/airflow/example_dags/example_short_circuit_operator.py
[2023-11-10T13:11:30.285+0000] {processor.py:829} INFO - Processing file /home/airflow/.local/lib/python3.8/site-packages/airflow/example_dags/example_short_circuit_operator.py for tasks to queue
[2023-11-10T13:11:30.287+0000] {logging_mixin.py:154} INFO - [2023-11-10T13:11:30.286+0000] {dagbag.py:536} INFO - Filling up the DagBag from /home/airflow/.local/lib/python3.8/site-packages/airflow/example_dags/example_short_circuit_operator.py
[2023-11-10T13:11:30.294+0000] {processor.py:839} INFO - DAG(s) dict_keys(['example_short_circuit_operator']) retrieved from /home/airflow/.local/lib/python3.8/site-packages/airflow/example_dags/example_short_circuit_operator.py
[2023-11-10T13:11:30.313+0000] {logging_mixin.py:154} INFO - [2023-11-10T13:11:30.313+0000] {dag.py:2941} INFO - Sync 1 DAGs
[2023-11-10T13:11:30.332+0000] {logging_mixin.py:154} INFO - [2023-11-10T13:11:30.332+0000] {dag.py:3722} INFO - Setting next_dagrun for example_short_circuit_operator to 2023-11-09T13:11:30.332419+00:00, run_after=2023-11-10T13:11:30.332419+00:00
[2023-11-10T13:11:30.346+0000] {processor.py:179} INFO - Processing /home/airflow/.local/lib/python3.8/site-packages/airflow/example_dags/example_short_circuit_operator.py took 0.065 seconds
[2023-11-10T13:12:00.378+0000] {processor.py:157} INFO - Started process (PID=163) to work on /home/airflow/.local/lib/python3.8/site-packages/airflow/example_dags/example_short_circuit_operator.py
[2023-11-10T13:12:00.379+0000] {processor.py:829} INFO - Processing file /home/airflow/.local/lib/python3.8/site-packages/airflow/example_dags/example_short_circuit_operator.py for tasks to queue
[2023-11-10T13:12:00.382+0000] {logging_mixin.py:154} INFO - [2023-11-10T13:12:00.382+0000] {dagbag.py:536} INFO - Filling up the DagBag from /home/airflow/.local/lib/python3.8/site-packages/airflow/example_dags/example_short_circuit_operator.py
[2023-11-10T13:12:00.390+0000] {processor.py:839} INFO - DAG(s) dict_keys(['example_short_circuit_operator']) retrieved from /home/airflow/.local/lib/python3.8/site-packages/airflow/example_dags/example_short_circuit_operator.py
[2023-11-10T13:12:00.408+0000] {logging_mixin.py:154} INFO - [2023-11-10T13:12:00.407+0000] {dag.py:2941} INFO - Sync 1 DAGs
[2023-11-10T13:12:00.423+0000] {logging_mixin.py:154} INFO - [2023-11-10T13:12:00.423+0000] {dag.py:3722} INFO - Setting next_dagrun for example_short_circuit_operator to 2023-11-09T13:12:00.423253+00:00, run_after=2023-11-10T13:12:00.423253+00:00
[2023-11-10T13:12:00.437+0000] {processor.py:179} INFO - Processing /home/airflow/.local/lib/python3.8/site-packages/airflow/example_dags/example_short_circuit_operator.py took 0.062 seconds
