[2023-11-10T13:11:00.723+0000] {processor.py:157} INFO - Started process (PID=71) to work on /home/airflow/.local/lib/python3.8/site-packages/airflow/example_dags/example_sensors.py
[2023-11-10T13:11:00.724+0000] {processor.py:829} INFO - Processing file /home/airflow/.local/lib/python3.8/site-packages/airflow/example_dags/example_sensors.py for tasks to queue
[2023-11-10T13:11:00.725+0000] {logging_mixin.py:154} INFO - [2023-11-10T13:11:00.725+0000] {dagbag.py:536} INFO - Filling up the DagBag from /home/airflow/.local/lib/python3.8/site-packages/airflow/example_dags/example_sensors.py
[2023-11-10T13:11:00.734+0000] {processor.py:839} INFO - DAG(s) dict_keys(['example_sensors']) retrieved from /home/airflow/.local/lib/python3.8/site-packages/airflow/example_dags/example_sensors.py
[2023-11-10T13:11:00.748+0000] {logging_mixin.py:154} INFO - [2023-11-10T13:11:00.747+0000] {dag.py:2941} INFO - Sync 1 DAGs
[2023-11-10T13:11:00.762+0000] {logging_mixin.py:154} INFO - [2023-11-10T13:11:00.762+0000] {dag.py:3722} INFO - Setting next_dagrun for example_sensors to None, run_after=None
[2023-11-10T13:11:00.781+0000] {processor.py:179} INFO - Processing /home/airflow/.local/lib/python3.8/site-packages/airflow/example_dags/example_sensors.py took 0.061 seconds
[2023-11-10T13:11:30.998+0000] {processor.py:157} INFO - Started process (PID=125) to work on /home/airflow/.local/lib/python3.8/site-packages/airflow/example_dags/example_sensors.py
[2023-11-10T13:11:30.999+0000] {processor.py:829} INFO - Processing file /home/airflow/.local/lib/python3.8/site-packages/airflow/example_dags/example_sensors.py for tasks to queue
[2023-11-10T13:11:31.001+0000] {logging_mixin.py:154} INFO - [2023-11-10T13:11:31.001+0000] {dagbag.py:536} INFO - Filling up the DagBag from /home/airflow/.local/lib/python3.8/site-packages/airflow/example_dags/example_sensors.py
[2023-11-10T13:11:31.011+0000] {processor.py:839} INFO - DAG(s) dict_keys(['example_sensors']) retrieved from /home/airflow/.local/lib/python3.8/site-packages/airflow/example_dags/example_sensors.py
[2023-11-10T13:11:31.030+0000] {logging_mixin.py:154} INFO - [2023-11-10T13:11:31.029+0000] {dag.py:2941} INFO - Sync 1 DAGs
[2023-11-10T13:11:31.041+0000] {logging_mixin.py:154} INFO - [2023-11-10T13:11:31.041+0000] {dag.py:3722} INFO - Setting next_dagrun for example_sensors to None, run_after=None
[2023-11-10T13:11:31.055+0000] {processor.py:179} INFO - Processing /home/airflow/.local/lib/python3.8/site-packages/airflow/example_dags/example_sensors.py took 0.060 seconds
[2023-11-10T13:12:01.270+0000] {processor.py:157} INFO - Started process (PID=179) to work on /home/airflow/.local/lib/python3.8/site-packages/airflow/example_dags/example_sensors.py
[2023-11-10T13:12:01.271+0000] {processor.py:829} INFO - Processing file /home/airflow/.local/lib/python3.8/site-packages/airflow/example_dags/example_sensors.py for tasks to queue
[2023-11-10T13:12:01.273+0000] {logging_mixin.py:154} INFO - [2023-11-10T13:12:01.273+0000] {dagbag.py:536} INFO - Filling up the DagBag from /home/airflow/.local/lib/python3.8/site-packages/airflow/example_dags/example_sensors.py
[2023-11-10T13:12:01.285+0000] {processor.py:839} INFO - DAG(s) dict_keys(['example_sensors']) retrieved from /home/airflow/.local/lib/python3.8/site-packages/airflow/example_dags/example_sensors.py
[2023-11-10T13:12:01.326+0000] {logging_mixin.py:154} INFO - [2023-11-10T13:12:01.326+0000] {dag.py:2941} INFO - Sync 1 DAGs
[2023-11-10T13:12:01.344+0000] {logging_mixin.py:154} INFO - [2023-11-10T13:12:01.344+0000] {dag.py:3722} INFO - Setting next_dagrun for example_sensors to None, run_after=None
[2023-11-10T13:12:01.368+0000] {processor.py:179} INFO - Processing /home/airflow/.local/lib/python3.8/site-packages/airflow/example_dags/example_sensors.py took 0.101 seconds
