[2023-11-10T13:11:01.060+0000] {processor.py:157} INFO - Started process (PID=78) to work on /home/airflow/.local/lib/python3.8/site-packages/airflow/example_dags/example_datasets.py
[2023-11-10T13:11:01.061+0000] {processor.py:829} INFO - Processing file /home/airflow/.local/lib/python3.8/site-packages/airflow/example_dags/example_datasets.py for tasks to queue
[2023-11-10T13:11:01.063+0000] {logging_mixin.py:154} INFO - [2023-11-10T13:11:01.063+0000] {dagbag.py:536} INFO - Filling up the DagBag from /home/airflow/.local/lib/python3.8/site-packages/airflow/example_dags/example_datasets.py
[2023-11-10T13:11:01.074+0000] {processor.py:839} INFO - DAG(s) dict_keys(['dataset_consumes_1_and_2', 'dataset_produces_2', 'dataset_consumes_1', 'dataset_consumes_1_never_scheduled', 'dataset_consumes_unknown_never_scheduled', 'dataset_produces_1']) retrieved from /home/airflow/.local/lib/python3.8/site-packages/airflow/example_dags/example_datasets.py
[2023-11-10T13:11:01.087+0000] {logging_mixin.py:154} INFO - [2023-11-10T13:11:01.086+0000] {dag.py:2941} INFO - Sync 6 DAGs
[2023-11-10T13:11:01.108+0000] {logging_mixin.py:154} INFO - [2023-11-10T13:11:01.108+0000] {dag.py:3722} INFO - Setting next_dagrun for dataset_consumes_1 to None, run_after=None
[2023-11-10T13:11:01.111+0000] {logging_mixin.py:154} INFO - [2023-11-10T13:11:01.111+0000] {dag.py:3722} INFO - Setting next_dagrun for dataset_consumes_1_and_2 to None, run_after=None
[2023-11-10T13:11:01.112+0000] {logging_mixin.py:154} INFO - [2023-11-10T13:11:01.112+0000] {dag.py:3722} INFO - Setting next_dagrun for dataset_consumes_1_never_scheduled to None, run_after=None
[2023-11-10T13:11:01.113+0000] {logging_mixin.py:154} INFO - [2023-11-10T13:11:01.113+0000] {dag.py:3722} INFO - Setting next_dagrun for dataset_consumes_unknown_never_scheduled to None, run_after=None
[2023-11-10T13:11:01.116+0000] {logging_mixin.py:154} INFO - [2023-11-10T13:11:01.116+0000] {dag.py:3722} INFO - Setting next_dagrun for dataset_produces_1 to 2023-11-09T00:00:00+00:00, run_after=2023-11-10T00:00:00+00:00
[2023-11-10T13:11:01.118+0000] {logging_mixin.py:154} INFO - [2023-11-10T13:11:01.117+0000] {dag.py:3722} INFO - Setting next_dagrun for dataset_produces_2 to None, run_after=None
[2023-11-10T13:11:01.142+0000] {processor.py:179} INFO - Processing /home/airflow/.local/lib/python3.8/site-packages/airflow/example_dags/example_datasets.py took 0.084 seconds
[2023-11-10T13:11:31.378+0000] {processor.py:157} INFO - Started process (PID=132) to work on /home/airflow/.local/lib/python3.8/site-packages/airflow/example_dags/example_datasets.py
[2023-11-10T13:11:31.379+0000] {processor.py:829} INFO - Processing file /home/airflow/.local/lib/python3.8/site-packages/airflow/example_dags/example_datasets.py for tasks to queue
[2023-11-10T13:11:31.380+0000] {logging_mixin.py:154} INFO - [2023-11-10T13:11:31.380+0000] {dagbag.py:536} INFO - Filling up the DagBag from /home/airflow/.local/lib/python3.8/site-packages/airflow/example_dags/example_datasets.py
[2023-11-10T13:11:31.387+0000] {processor.py:839} INFO - DAG(s) dict_keys(['dataset_consumes_unknown_never_scheduled', 'dataset_produces_1', 'dataset_consumes_1_and_2', 'dataset_produces_2', 'dataset_consumes_1_never_scheduled', 'dataset_consumes_1']) retrieved from /home/airflow/.local/lib/python3.8/site-packages/airflow/example_dags/example_datasets.py
[2023-11-10T13:11:31.412+0000] {logging_mixin.py:154} INFO - [2023-11-10T13:11:31.412+0000] {dag.py:2941} INFO - Sync 6 DAGs
[2023-11-10T13:11:31.430+0000] {logging_mixin.py:154} INFO - [2023-11-10T13:11:31.430+0000] {dag.py:3722} INFO - Setting next_dagrun for dataset_consumes_1 to None, run_after=None
[2023-11-10T13:11:31.433+0000] {logging_mixin.py:154} INFO - [2023-11-10T13:11:31.432+0000] {dag.py:3722} INFO - Setting next_dagrun for dataset_consumes_1_and_2 to None, run_after=None
[2023-11-10T13:11:31.434+0000] {logging_mixin.py:154} INFO - [2023-11-10T13:11:31.434+0000] {dag.py:3722} INFO - Setting next_dagrun for dataset_consumes_1_never_scheduled to None, run_after=None
[2023-11-10T13:11:31.435+0000] {logging_mixin.py:154} INFO - [2023-11-10T13:11:31.435+0000] {dag.py:3722} INFO - Setting next_dagrun for dataset_consumes_unknown_never_scheduled to None, run_after=None
[2023-11-10T13:11:31.437+0000] {logging_mixin.py:154} INFO - [2023-11-10T13:11:31.437+0000] {dag.py:3722} INFO - Setting next_dagrun for dataset_produces_1 to 2023-11-09T00:00:00+00:00, run_after=2023-11-10T00:00:00+00:00
[2023-11-10T13:11:31.438+0000] {logging_mixin.py:154} INFO - [2023-11-10T13:11:31.438+0000] {dag.py:3722} INFO - Setting next_dagrun for dataset_produces_2 to None, run_after=None
[2023-11-10T13:11:31.458+0000] {processor.py:179} INFO - Processing /home/airflow/.local/lib/python3.8/site-packages/airflow/example_dags/example_datasets.py took 0.083 seconds
