[2023-11-10T13:11:00.211+0000] {processor.py:157} INFO - Started process (PID=61) to work on /home/airflow/.local/lib/python3.8/site-packages/airflow/example_dags/example_task_group.py
[2023-11-10T13:11:00.211+0000] {processor.py:829} INFO - Processing file /home/airflow/.local/lib/python3.8/site-packages/airflow/example_dags/example_task_group.py for tasks to queue
[2023-11-10T13:11:00.213+0000] {logging_mixin.py:154} INFO - [2023-11-10T13:11:00.213+0000] {dagbag.py:536} INFO - Filling up the DagBag from /home/airflow/.local/lib/python3.8/site-packages/airflow/example_dags/example_task_group.py
[2023-11-10T13:11:00.221+0000] {processor.py:839} INFO - DAG(s) dict_keys(['example_task_group']) retrieved from /home/airflow/.local/lib/python3.8/site-packages/airflow/example_dags/example_task_group.py
[2023-11-10T13:11:00.232+0000] {logging_mixin.py:154} INFO - [2023-11-10T13:11:00.232+0000] {dag.py:2941} INFO - Sync 1 DAGs
[2023-11-10T13:11:00.253+0000] {logging_mixin.py:154} INFO - [2023-11-10T13:11:00.253+0000] {dag.py:3722} INFO - Setting next_dagrun for example_task_group to 2023-11-09T13:11:00.253549+00:00, run_after=2023-11-10T13:11:00.253549+00:00
[2023-11-10T13:11:00.267+0000] {processor.py:179} INFO - Processing /home/airflow/.local/lib/python3.8/site-packages/airflow/example_dags/example_task_group.py took 0.061 seconds
[2023-11-10T13:11:30.557+0000] {processor.py:157} INFO - Started process (PID=115) to work on /home/airflow/.local/lib/python3.8/site-packages/airflow/example_dags/example_task_group.py
[2023-11-10T13:11:30.557+0000] {processor.py:829} INFO - Processing file /home/airflow/.local/lib/python3.8/site-packages/airflow/example_dags/example_task_group.py for tasks to queue
[2023-11-10T13:11:30.559+0000] {logging_mixin.py:154} INFO - [2023-11-10T13:11:30.559+0000] {dagbag.py:536} INFO - Filling up the DagBag from /home/airflow/.local/lib/python3.8/site-packages/airflow/example_dags/example_task_group.py
[2023-11-10T13:11:30.565+0000] {processor.py:839} INFO - DAG(s) dict_keys(['example_task_group']) retrieved from /home/airflow/.local/lib/python3.8/site-packages/airflow/example_dags/example_task_group.py
[2023-11-10T13:11:30.583+0000] {logging_mixin.py:154} INFO - [2023-11-10T13:11:30.583+0000] {dag.py:2941} INFO - Sync 1 DAGs
[2023-11-10T13:11:30.607+0000] {logging_mixin.py:154} INFO - [2023-11-10T13:11:30.606+0000] {dag.py:3722} INFO - Setting next_dagrun for example_task_group to 2023-11-09T13:11:30.606713+00:00, run_after=2023-11-10T13:11:30.606713+00:00
[2023-11-10T13:11:30.624+0000] {processor.py:179} INFO - Processing /home/airflow/.local/lib/python3.8/site-packages/airflow/example_dags/example_task_group.py took 0.070 seconds
[2023-11-10T13:12:00.662+0000] {processor.py:157} INFO - Started process (PID=169) to work on /home/airflow/.local/lib/python3.8/site-packages/airflow/example_dags/example_task_group.py
[2023-11-10T13:12:00.662+0000] {processor.py:829} INFO - Processing file /home/airflow/.local/lib/python3.8/site-packages/airflow/example_dags/example_task_group.py for tasks to queue
[2023-11-10T13:12:00.664+0000] {logging_mixin.py:154} INFO - [2023-11-10T13:12:00.664+0000] {dagbag.py:536} INFO - Filling up the DagBag from /home/airflow/.local/lib/python3.8/site-packages/airflow/example_dags/example_task_group.py
[2023-11-10T13:12:00.669+0000] {processor.py:839} INFO - DAG(s) dict_keys(['example_task_group']) retrieved from /home/airflow/.local/lib/python3.8/site-packages/airflow/example_dags/example_task_group.py
[2023-11-10T13:12:00.685+0000] {logging_mixin.py:154} INFO - [2023-11-10T13:12:00.685+0000] {dag.py:2941} INFO - Sync 1 DAGs
[2023-11-10T13:12:00.702+0000] {logging_mixin.py:154} INFO - [2023-11-10T13:12:00.702+0000] {dag.py:3722} INFO - Setting next_dagrun for example_task_group to 2023-11-09T13:12:00.702040+00:00, run_after=2023-11-10T13:12:00.702040+00:00
[2023-11-10T13:12:00.719+0000] {processor.py:179} INFO - Processing /home/airflow/.local/lib/python3.8/site-packages/airflow/example_dags/example_task_group.py took 0.060 seconds
