[2023-11-10T13:11:00.875+0000] {processor.py:157} INFO - Started process (PID=74) to work on /home/airflow/.local/lib/python3.8/site-packages/airflow/example_dags/example_bash_operator.py
[2023-11-10T13:11:00.876+0000] {processor.py:829} INFO - Processing file /home/airflow/.local/lib/python3.8/site-packages/airflow/example_dags/example_bash_operator.py for tasks to queue
[2023-11-10T13:11:00.878+0000] {logging_mixin.py:154} INFO - [2023-11-10T13:11:00.877+0000] {dagbag.py:536} INFO - Filling up the DagBag from /home/airflow/.local/lib/python3.8/site-packages/airflow/example_dags/example_bash_operator.py
[2023-11-10T13:11:00.890+0000] {processor.py:839} INFO - DAG(s) dict_keys(['example_bash_operator']) retrieved from /home/airflow/.local/lib/python3.8/site-packages/airflow/example_dags/example_bash_operator.py
[2023-11-10T13:11:00.900+0000] {logging_mixin.py:154} INFO - [2023-11-10T13:11:00.900+0000] {dag.py:2941} INFO - Sync 1 DAGs
[2023-11-10T13:11:00.923+0000] {logging_mixin.py:154} INFO - [2023-11-10T13:11:00.923+0000] {dag.py:3722} INFO - Setting next_dagrun for example_bash_operator to 2023-11-09T00:00:00+00:00, run_after=2023-11-10T00:00:00+00:00
[2023-11-10T13:11:00.938+0000] {processor.py:179} INFO - Processing /home/airflow/.local/lib/python3.8/site-packages/airflow/example_dags/example_bash_operator.py took 0.065 seconds
[2023-11-10T13:11:31.165+0000] {processor.py:157} INFO - Started process (PID=128) to work on /home/airflow/.local/lib/python3.8/site-packages/airflow/example_dags/example_bash_operator.py
[2023-11-10T13:11:31.165+0000] {processor.py:829} INFO - Processing file /home/airflow/.local/lib/python3.8/site-packages/airflow/example_dags/example_bash_operator.py for tasks to queue
[2023-11-10T13:11:31.167+0000] {logging_mixin.py:154} INFO - [2023-11-10T13:11:31.167+0000] {dagbag.py:536} INFO - Filling up the DagBag from /home/airflow/.local/lib/python3.8/site-packages/airflow/example_dags/example_bash_operator.py
[2023-11-10T13:11:31.175+0000] {processor.py:839} INFO - DAG(s) dict_keys(['example_bash_operator']) retrieved from /home/airflow/.local/lib/python3.8/site-packages/airflow/example_dags/example_bash_operator.py
[2023-11-10T13:11:31.197+0000] {logging_mixin.py:154} INFO - [2023-11-10T13:11:31.197+0000] {dag.py:2941} INFO - Sync 1 DAGs
[2023-11-10T13:11:31.216+0000] {logging_mixin.py:154} INFO - [2023-11-10T13:11:31.216+0000] {dag.py:3722} INFO - Setting next_dagrun for example_bash_operator to 2023-11-09T00:00:00+00:00, run_after=2023-11-10T00:00:00+00:00
[2023-11-10T13:11:31.230+0000] {processor.py:179} INFO - Processing /home/airflow/.local/lib/python3.8/site-packages/airflow/example_dags/example_bash_operator.py took 0.068 seconds
[2023-11-10T13:12:01.493+0000] {processor.py:157} INFO - Started process (PID=182) to work on /home/airflow/.local/lib/python3.8/site-packages/airflow/example_dags/example_bash_operator.py
[2023-11-10T13:12:01.494+0000] {processor.py:829} INFO - Processing file /home/airflow/.local/lib/python3.8/site-packages/airflow/example_dags/example_bash_operator.py for tasks to queue
[2023-11-10T13:12:01.496+0000] {logging_mixin.py:154} INFO - [2023-11-10T13:12:01.495+0000] {dagbag.py:536} INFO - Filling up the DagBag from /home/airflow/.local/lib/python3.8/site-packages/airflow/example_dags/example_bash_operator.py
[2023-11-10T13:12:01.507+0000] {processor.py:839} INFO - DAG(s) dict_keys(['example_bash_operator']) retrieved from /home/airflow/.local/lib/python3.8/site-packages/airflow/example_dags/example_bash_operator.py
[2023-11-10T13:12:01.536+0000] {logging_mixin.py:154} INFO - [2023-11-10T13:12:01.536+0000] {dag.py:2941} INFO - Sync 1 DAGs
[2023-11-10T13:12:01.564+0000] {logging_mixin.py:154} INFO - [2023-11-10T13:12:01.564+0000] {dag.py:3722} INFO - Setting next_dagrun for example_bash_operator to 2023-11-09T00:00:00+00:00, run_after=2023-11-10T00:00:00+00:00
[2023-11-10T13:12:01.582+0000] {processor.py:179} INFO - Processing /home/airflow/.local/lib/python3.8/site-packages/airflow/example_dags/example_bash_operator.py took 0.092 seconds
