[2023-11-10T13:10:59.538+0000] {processor.py:157} INFO - Started process (PID=47) to work on /home/airflow/.local/lib/python3.8/site-packages/airflow/example_dags/example_sla_dag.py
[2023-11-10T13:10:59.539+0000] {processor.py:829} INFO - Processing file /home/airflow/.local/lib/python3.8/site-packages/airflow/example_dags/example_sla_dag.py for tasks to queue
[2023-11-10T13:10:59.540+0000] {logging_mixin.py:154} INFO - [2023-11-10T13:10:59.540+0000] {dagbag.py:536} INFO - Filling up the DagBag from /home/airflow/.local/lib/python3.8/site-packages/airflow/example_dags/example_sla_dag.py
[2023-11-10T13:10:59.549+0000] {processor.py:839} INFO - DAG(s) dict_keys(['example_sla_dag']) retrieved from /home/airflow/.local/lib/python3.8/site-packages/airflow/example_dags/example_sla_dag.py
[2023-11-10T13:10:59.559+0000] {logging_mixin.py:154} INFO - [2023-11-10T13:10:59.559+0000] {dag.py:2941} INFO - Sync 1 DAGs
[2023-11-10T13:10:59.583+0000] {logging_mixin.py:154} INFO - [2023-11-10T13:10:59.583+0000] {dag.py:3722} INFO - Setting next_dagrun for example_sla_dag to 2023-11-10T13:08:00+00:00, run_after=2023-11-10T13:10:00+00:00
[2023-11-10T13:10:59.605+0000] {processor.py:179} INFO - Processing /home/airflow/.local/lib/python3.8/site-packages/airflow/example_dags/example_sla_dag.py took 0.069 seconds
[2023-11-10T13:11:29.671+0000] {processor.py:157} INFO - Started process (PID=101) to work on /home/airflow/.local/lib/python3.8/site-packages/airflow/example_dags/example_sla_dag.py
[2023-11-10T13:11:29.672+0000] {processor.py:829} INFO - Processing file /home/airflow/.local/lib/python3.8/site-packages/airflow/example_dags/example_sla_dag.py for tasks to queue
[2023-11-10T13:11:29.673+0000] {logging_mixin.py:154} INFO - [2023-11-10T13:11:29.673+0000] {dagbag.py:536} INFO - Filling up the DagBag from /home/airflow/.local/lib/python3.8/site-packages/airflow/example_dags/example_sla_dag.py
[2023-11-10T13:11:29.679+0000] {processor.py:839} INFO - DAG(s) dict_keys(['example_sla_dag']) retrieved from /home/airflow/.local/lib/python3.8/site-packages/airflow/example_dags/example_sla_dag.py
[2023-11-10T13:11:29.693+0000] {logging_mixin.py:154} INFO - [2023-11-10T13:11:29.693+0000] {dag.py:2941} INFO - Sync 1 DAGs
[2023-11-10T13:11:29.712+0000] {logging_mixin.py:154} INFO - [2023-11-10T13:11:29.712+0000] {dag.py:3722} INFO - Setting next_dagrun for example_sla_dag to 2023-11-10T13:08:00+00:00, run_after=2023-11-10T13:10:00+00:00
[2023-11-10T13:11:29.725+0000] {processor.py:179} INFO - Processing /home/airflow/.local/lib/python3.8/site-packages/airflow/example_dags/example_sla_dag.py took 0.056 seconds
[2023-11-10T13:12:00.035+0000] {processor.py:157} INFO - Started process (PID=155) to work on /home/airflow/.local/lib/python3.8/site-packages/airflow/example_dags/example_sla_dag.py
[2023-11-10T13:12:00.036+0000] {processor.py:829} INFO - Processing file /home/airflow/.local/lib/python3.8/site-packages/airflow/example_dags/example_sla_dag.py for tasks to queue
[2023-11-10T13:12:00.037+0000] {logging_mixin.py:154} INFO - [2023-11-10T13:12:00.037+0000] {dagbag.py:536} INFO - Filling up the DagBag from /home/airflow/.local/lib/python3.8/site-packages/airflow/example_dags/example_sla_dag.py
[2023-11-10T13:12:00.043+0000] {processor.py:839} INFO - DAG(s) dict_keys(['example_sla_dag']) retrieved from /home/airflow/.local/lib/python3.8/site-packages/airflow/example_dags/example_sla_dag.py
[2023-11-10T13:12:00.056+0000] {logging_mixin.py:154} INFO - [2023-11-10T13:12:00.056+0000] {dag.py:2941} INFO - Sync 1 DAGs
[2023-11-10T13:12:00.074+0000] {logging_mixin.py:154} INFO - [2023-11-10T13:12:00.074+0000] {dag.py:3722} INFO - Setting next_dagrun for example_sla_dag to 2023-11-10T13:10:00+00:00, run_after=2023-11-10T13:12:00+00:00
[2023-11-10T13:12:00.087+0000] {processor.py:179} INFO - Processing /home/airflow/.local/lib/python3.8/site-packages/airflow/example_dags/example_sla_dag.py took 0.054 seconds
