[2023-11-10T13:10:59.466+0000] {processor.py:157} INFO - Started process (PID=46) to work on /home/airflow/.local/lib/python3.8/site-packages/airflow/example_dags/example_complex.py
[2023-11-10T13:10:59.467+0000] {processor.py:829} INFO - Processing file /home/airflow/.local/lib/python3.8/site-packages/airflow/example_dags/example_complex.py for tasks to queue
[2023-11-10T13:10:59.469+0000] {logging_mixin.py:154} INFO - [2023-11-10T13:10:59.468+0000] {dagbag.py:536} INFO - Filling up the DagBag from /home/airflow/.local/lib/python3.8/site-packages/airflow/example_dags/example_complex.py
[2023-11-10T13:10:59.483+0000] {processor.py:839} INFO - DAG(s) dict_keys(['example_complex']) retrieved from /home/airflow/.local/lib/python3.8/site-packages/airflow/example_dags/example_complex.py
[2023-11-10T13:10:59.493+0000] {logging_mixin.py:154} INFO - [2023-11-10T13:10:59.492+0000] {dag.py:2941} INFO - Sync 1 DAGs
[2023-11-10T13:10:59.505+0000] {logging_mixin.py:154} INFO - [2023-11-10T13:10:59.505+0000] {dag.py:3722} INFO - Setting next_dagrun for example_complex to None, run_after=None
[2023-11-10T13:10:59.520+0000] {processor.py:179} INFO - Processing /home/airflow/.local/lib/python3.8/site-packages/airflow/example_dags/example_complex.py took 0.057 seconds
[2023-11-10T13:11:29.654+0000] {processor.py:157} INFO - Started process (PID=100) to work on /home/airflow/.local/lib/python3.8/site-packages/airflow/example_dags/example_complex.py
[2023-11-10T13:11:29.655+0000] {processor.py:829} INFO - Processing file /home/airflow/.local/lib/python3.8/site-packages/airflow/example_dags/example_complex.py for tasks to queue
[2023-11-10T13:11:29.657+0000] {logging_mixin.py:154} INFO - [2023-11-10T13:11:29.656+0000] {dagbag.py:536} INFO - Filling up the DagBag from /home/airflow/.local/lib/python3.8/site-packages/airflow/example_dags/example_complex.py
[2023-11-10T13:11:29.667+0000] {processor.py:839} INFO - DAG(s) dict_keys(['example_complex']) retrieved from /home/airflow/.local/lib/python3.8/site-packages/airflow/example_dags/example_complex.py
[2023-11-10T13:11:29.688+0000] {logging_mixin.py:154} INFO - [2023-11-10T13:11:29.688+0000] {dag.py:2941} INFO - Sync 1 DAGs
[2023-11-10T13:11:29.699+0000] {logging_mixin.py:154} INFO - [2023-11-10T13:11:29.699+0000] {dag.py:3722} INFO - Setting next_dagrun for example_complex to None, run_after=None
[2023-11-10T13:11:29.711+0000] {processor.py:179} INFO - Processing /home/airflow/.local/lib/python3.8/site-packages/airflow/example_dags/example_complex.py took 0.060 seconds
[2023-11-10T13:11:59.968+0000] {processor.py:157} INFO - Started process (PID=154) to work on /home/airflow/.local/lib/python3.8/site-packages/airflow/example_dags/example_complex.py
[2023-11-10T13:11:59.968+0000] {processor.py:829} INFO - Processing file /home/airflow/.local/lib/python3.8/site-packages/airflow/example_dags/example_complex.py for tasks to queue
[2023-11-10T13:11:59.970+0000] {logging_mixin.py:154} INFO - [2023-11-10T13:11:59.970+0000] {dagbag.py:536} INFO - Filling up the DagBag from /home/airflow/.local/lib/python3.8/site-packages/airflow/example_dags/example_complex.py
[2023-11-10T13:11:59.977+0000] {processor.py:839} INFO - DAG(s) dict_keys(['example_complex']) retrieved from /home/airflow/.local/lib/python3.8/site-packages/airflow/example_dags/example_complex.py
[2023-11-10T13:11:59.998+0000] {logging_mixin.py:154} INFO - [2023-11-10T13:11:59.997+0000] {dag.py:2941} INFO - Sync 1 DAGs
[2023-11-10T13:12:00.008+0000] {logging_mixin.py:154} INFO - [2023-11-10T13:12:00.008+0000] {dag.py:3722} INFO - Setting next_dagrun for example_complex to None, run_after=None
[2023-11-10T13:12:00.022+0000] {processor.py:179} INFO - Processing /home/airflow/.local/lib/python3.8/site-packages/airflow/example_dags/example_complex.py took 0.056 seconds
