[2023-11-10T13:10:59.297+0000] {processor.py:157} INFO - Started process (PID=42) to work on /home/airflow/.local/lib/python3.8/site-packages/airflow/example_dags/example_python_operator.py
[2023-11-10T13:10:59.298+0000] {processor.py:829} INFO - Processing file /home/airflow/.local/lib/python3.8/site-packages/airflow/example_dags/example_python_operator.py for tasks to queue
[2023-11-10T13:10:59.302+0000] {logging_mixin.py:154} INFO - [2023-11-10T13:10:59.301+0000] {dagbag.py:536} INFO - Filling up the DagBag from /home/airflow/.local/lib/python3.8/site-packages/airflow/example_dags/example_python_operator.py
[2023-11-10T13:10:59.319+0000] {processor.py:839} INFO - DAG(s) dict_keys(['example_python_operator']) retrieved from /home/airflow/.local/lib/python3.8/site-packages/airflow/example_dags/example_python_operator.py
[2023-11-10T13:10:59.347+0000] {logging_mixin.py:154} INFO - [2023-11-10T13:10:59.347+0000] {dag.py:2941} INFO - Sync 1 DAGs
[2023-11-10T13:10:59.360+0000] {logging_mixin.py:154} INFO - [2023-11-10T13:10:59.360+0000] {dag.py:3722} INFO - Setting next_dagrun for example_python_operator to None, run_after=None
[2023-11-10T13:10:59.376+0000] {processor.py:179} INFO - Processing /home/airflow/.local/lib/python3.8/site-packages/airflow/example_dags/example_python_operator.py took 0.084 seconds
[2023-11-10T13:11:29.468+0000] {processor.py:157} INFO - Started process (PID=96) to work on /home/airflow/.local/lib/python3.8/site-packages/airflow/example_dags/example_python_operator.py
[2023-11-10T13:11:29.469+0000] {processor.py:829} INFO - Processing file /home/airflow/.local/lib/python3.8/site-packages/airflow/example_dags/example_python_operator.py for tasks to queue
[2023-11-10T13:11:29.471+0000] {logging_mixin.py:154} INFO - [2023-11-10T13:11:29.471+0000] {dagbag.py:536} INFO - Filling up the DagBag from /home/airflow/.local/lib/python3.8/site-packages/airflow/example_dags/example_python_operator.py
[2023-11-10T13:11:29.480+0000] {processor.py:839} INFO - DAG(s) dict_keys(['example_python_operator']) retrieved from /home/airflow/.local/lib/python3.8/site-packages/airflow/example_dags/example_python_operator.py
[2023-11-10T13:11:29.606+0000] {logging_mixin.py:154} INFO - [2023-11-10T13:11:29.605+0000] {dag.py:2941} INFO - Sync 1 DAGs
[2023-11-10T13:11:29.618+0000] {logging_mixin.py:154} INFO - [2023-11-10T13:11:29.618+0000] {dag.py:3722} INFO - Setting next_dagrun for example_python_operator to None, run_after=None
[2023-11-10T13:11:29.635+0000] {processor.py:179} INFO - Processing /home/airflow/.local/lib/python3.8/site-packages/airflow/example_dags/example_python_operator.py took 0.169 seconds
[2023-11-10T13:11:59.838+0000] {processor.py:157} INFO - Started process (PID=150) to work on /home/airflow/.local/lib/python3.8/site-packages/airflow/example_dags/example_python_operator.py
[2023-11-10T13:11:59.838+0000] {processor.py:829} INFO - Processing file /home/airflow/.local/lib/python3.8/site-packages/airflow/example_dags/example_python_operator.py for tasks to queue
[2023-11-10T13:11:59.840+0000] {logging_mixin.py:154} INFO - [2023-11-10T13:11:59.840+0000] {dagbag.py:536} INFO - Filling up the DagBag from /home/airflow/.local/lib/python3.8/site-packages/airflow/example_dags/example_python_operator.py
[2023-11-10T13:11:59.847+0000] {processor.py:839} INFO - DAG(s) dict_keys(['example_python_operator']) retrieved from /home/airflow/.local/lib/python3.8/site-packages/airflow/example_dags/example_python_operator.py
[2023-11-10T13:11:59.863+0000] {logging_mixin.py:154} INFO - [2023-11-10T13:11:59.863+0000] {dag.py:2941} INFO - Sync 1 DAGs
[2023-11-10T13:11:59.872+0000] {logging_mixin.py:154} INFO - [2023-11-10T13:11:59.871+0000] {dag.py:3722} INFO - Setting next_dagrun for example_python_operator to None, run_after=None
[2023-11-10T13:11:59.884+0000] {processor.py:179} INFO - Processing /home/airflow/.local/lib/python3.8/site-packages/airflow/example_dags/example_python_operator.py took 0.048 seconds
