[2023-11-10T13:10:59.394+0000] {processor.py:157} INFO - Started process (PID=44) to work on /home/airflow/.local/lib/python3.8/site-packages/airflow/example_dags/example_xcom.py
[2023-11-10T13:10:59.395+0000] {processor.py:829} INFO - Processing file /home/airflow/.local/lib/python3.8/site-packages/airflow/example_dags/example_xcom.py for tasks to queue
[2023-11-10T13:10:59.397+0000] {logging_mixin.py:154} INFO - [2023-11-10T13:10:59.396+0000] {dagbag.py:536} INFO - Filling up the DagBag from /home/airflow/.local/lib/python3.8/site-packages/airflow/example_dags/example_xcom.py
[2023-11-10T13:10:59.407+0000] {processor.py:839} INFO - DAG(s) dict_keys(['example_xcom']) retrieved from /home/airflow/.local/lib/python3.8/site-packages/airflow/example_dags/example_xcom.py
[2023-11-10T13:10:59.416+0000] {logging_mixin.py:154} INFO - [2023-11-10T13:10:59.416+0000] {dag.py:2941} INFO - Sync 1 DAGs
[2023-11-10T13:10:59.433+0000] {logging_mixin.py:154} INFO - [2023-11-10T13:10:59.433+0000] {dag.py:3722} INFO - Setting next_dagrun for example_xcom to 2021-01-01T00:00:00+00:00, run_after=2021-01-01T00:00:00+00:00
[2023-11-10T13:10:59.447+0000] {processor.py:179} INFO - Processing /home/airflow/.local/lib/python3.8/site-packages/airflow/example_dags/example_xcom.py took 0.056 seconds
[2023-11-10T13:11:29.531+0000] {processor.py:157} INFO - Started process (PID=98) to work on /home/airflow/.local/lib/python3.8/site-packages/airflow/example_dags/example_xcom.py
[2023-11-10T13:11:29.531+0000] {processor.py:829} INFO - Processing file /home/airflow/.local/lib/python3.8/site-packages/airflow/example_dags/example_xcom.py for tasks to queue
[2023-11-10T13:11:29.533+0000] {logging_mixin.py:154} INFO - [2023-11-10T13:11:29.533+0000] {dagbag.py:536} INFO - Filling up the DagBag from /home/airflow/.local/lib/python3.8/site-packages/airflow/example_dags/example_xcom.py
[2023-11-10T13:11:29.538+0000] {processor.py:839} INFO - DAG(s) dict_keys(['example_xcom']) retrieved from /home/airflow/.local/lib/python3.8/site-packages/airflow/example_dags/example_xcom.py
[2023-11-10T13:11:29.552+0000] {logging_mixin.py:154} INFO - [2023-11-10T13:11:29.552+0000] {dag.py:2941} INFO - Sync 1 DAGs
[2023-11-10T13:11:29.568+0000] {logging_mixin.py:154} INFO - [2023-11-10T13:11:29.568+0000] {dag.py:3722} INFO - Setting next_dagrun for example_xcom to 2021-01-01T00:00:00+00:00, run_after=2021-01-01T00:00:00+00:00
[2023-11-10T13:11:29.580+0000] {processor.py:179} INFO - Processing /home/airflow/.local/lib/python3.8/site-packages/airflow/example_dags/example_xcom.py took 0.051 seconds
[2023-11-10T13:11:59.897+0000] {processor.py:157} INFO - Started process (PID=152) to work on /home/airflow/.local/lib/python3.8/site-packages/airflow/example_dags/example_xcom.py
[2023-11-10T13:11:59.898+0000] {processor.py:829} INFO - Processing file /home/airflow/.local/lib/python3.8/site-packages/airflow/example_dags/example_xcom.py for tasks to queue
[2023-11-10T13:11:59.899+0000] {logging_mixin.py:154} INFO - [2023-11-10T13:11:59.899+0000] {dagbag.py:536} INFO - Filling up the DagBag from /home/airflow/.local/lib/python3.8/site-packages/airflow/example_dags/example_xcom.py
[2023-11-10T13:11:59.904+0000] {processor.py:839} INFO - DAG(s) dict_keys(['example_xcom']) retrieved from /home/airflow/.local/lib/python3.8/site-packages/airflow/example_dags/example_xcom.py
[2023-11-10T13:11:59.918+0000] {logging_mixin.py:154} INFO - [2023-11-10T13:11:59.918+0000] {dag.py:2941} INFO - Sync 1 DAGs
[2023-11-10T13:11:59.935+0000] {logging_mixin.py:154} INFO - [2023-11-10T13:11:59.935+0000] {dag.py:3722} INFO - Setting next_dagrun for example_xcom to 2021-01-01T00:00:00+00:00, run_after=2021-01-01T00:00:00+00:00
[2023-11-10T13:11:59.948+0000] {processor.py:179} INFO - Processing /home/airflow/.local/lib/python3.8/site-packages/airflow/example_dags/example_xcom.py took 0.052 seconds
