[2023-11-10T13:11:00.022+0000] {processor.py:157} INFO - Started process (PID=57) to work on /home/airflow/.local/lib/python3.8/site-packages/airflow/example_dags/example_external_task_marker_dag.py
[2023-11-10T13:11:00.023+0000] {processor.py:829} INFO - Processing file /home/airflow/.local/lib/python3.8/site-packages/airflow/example_dags/example_external_task_marker_dag.py for tasks to queue
[2023-11-10T13:11:00.026+0000] {logging_mixin.py:154} INFO - [2023-11-10T13:11:00.025+0000] {dagbag.py:536} INFO - Filling up the DagBag from /home/airflow/.local/lib/python3.8/site-packages/airflow/example_dags/example_external_task_marker_dag.py
[2023-11-10T13:11:00.033+0000] {processor.py:839} INFO - DAG(s) dict_keys(['example_external_task_marker_child', 'example_external_task_marker_parent']) retrieved from /home/airflow/.local/lib/python3.8/site-packages/airflow/example_dags/example_external_task_marker_dag.py
[2023-11-10T13:11:00.044+0000] {logging_mixin.py:154} INFO - [2023-11-10T13:11:00.044+0000] {dag.py:2941} INFO - Sync 2 DAGs
[2023-11-10T13:11:00.057+0000] {logging_mixin.py:154} INFO - [2023-11-10T13:11:00.057+0000] {dag.py:3722} INFO - Setting next_dagrun for example_external_task_marker_child to None, run_after=None
[2023-11-10T13:11:00.060+0000] {logging_mixin.py:154} INFO - [2023-11-10T13:11:00.060+0000] {dag.py:3722} INFO - Setting next_dagrun for example_external_task_marker_parent to None, run_after=None
[2023-11-10T13:11:00.075+0000] {processor.py:179} INFO - Processing /home/airflow/.local/lib/python3.8/site-packages/airflow/example_dags/example_external_task_marker_dag.py took 0.056 seconds
[2023-11-10T13:11:30.362+0000] {processor.py:157} INFO - Started process (PID=111) to work on /home/airflow/.local/lib/python3.8/site-packages/airflow/example_dags/example_external_task_marker_dag.py
[2023-11-10T13:11:30.363+0000] {processor.py:829} INFO - Processing file /home/airflow/.local/lib/python3.8/site-packages/airflow/example_dags/example_external_task_marker_dag.py for tasks to queue
[2023-11-10T13:11:30.365+0000] {logging_mixin.py:154} INFO - [2023-11-10T13:11:30.364+0000] {dagbag.py:536} INFO - Filling up the DagBag from /home/airflow/.local/lib/python3.8/site-packages/airflow/example_dags/example_external_task_marker_dag.py
[2023-11-10T13:11:30.369+0000] {processor.py:839} INFO - DAG(s) dict_keys(['example_external_task_marker_parent', 'example_external_task_marker_child']) retrieved from /home/airflow/.local/lib/python3.8/site-packages/airflow/example_dags/example_external_task_marker_dag.py
[2023-11-10T13:11:30.389+0000] {logging_mixin.py:154} INFO - [2023-11-10T13:11:30.388+0000] {dag.py:2941} INFO - Sync 2 DAGs
[2023-11-10T13:11:30.402+0000] {logging_mixin.py:154} INFO - [2023-11-10T13:11:30.402+0000] {dag.py:3722} INFO - Setting next_dagrun for example_external_task_marker_child to None, run_after=None
[2023-11-10T13:11:30.408+0000] {logging_mixin.py:154} INFO - [2023-11-10T13:11:30.408+0000] {dag.py:3722} INFO - Setting next_dagrun for example_external_task_marker_parent to None, run_after=None
[2023-11-10T13:11:30.423+0000] {processor.py:179} INFO - Processing /home/airflow/.local/lib/python3.8/site-packages/airflow/example_dags/example_external_task_marker_dag.py took 0.063 seconds
[2023-11-10T13:12:00.528+0000] {processor.py:157} INFO - Started process (PID=165) to work on /home/airflow/.local/lib/python3.8/site-packages/airflow/example_dags/example_external_task_marker_dag.py
[2023-11-10T13:12:00.528+0000] {processor.py:829} INFO - Processing file /home/airflow/.local/lib/python3.8/site-packages/airflow/example_dags/example_external_task_marker_dag.py for tasks to queue
[2023-11-10T13:12:00.530+0000] {logging_mixin.py:154} INFO - [2023-11-10T13:12:00.530+0000] {dagbag.py:536} INFO - Filling up the DagBag from /home/airflow/.local/lib/python3.8/site-packages/airflow/example_dags/example_external_task_marker_dag.py
[2023-11-10T13:12:00.535+0000] {processor.py:839} INFO - DAG(s) dict_keys(['example_external_task_marker_parent', 'example_external_task_marker_child']) retrieved from /home/airflow/.local/lib/python3.8/site-packages/airflow/example_dags/example_external_task_marker_dag.py
[2023-11-10T13:12:00.554+0000] {logging_mixin.py:154} INFO - [2023-11-10T13:12:00.554+0000] {dag.py:2941} INFO - Sync 2 DAGs
[2023-11-10T13:12:00.563+0000] {logging_mixin.py:154} INFO - [2023-11-10T13:12:00.563+0000] {dag.py:3722} INFO - Setting next_dagrun for example_external_task_marker_child to None, run_after=None
[2023-11-10T13:12:00.566+0000] {logging_mixin.py:154} INFO - [2023-11-10T13:12:00.566+0000] {dag.py:3722} INFO - Setting next_dagrun for example_external_task_marker_parent to None, run_after=None
[2023-11-10T13:12:00.577+0000] {processor.py:179} INFO - Processing /home/airflow/.local/lib/python3.8/site-packages/airflow/example_dags/example_external_task_marker_dag.py took 0.052 seconds
