[2023-11-10T13:10:59.399+0000] {processor.py:157} INFO - Started process (PID=45) to work on /home/airflow/.local/lib/python3.8/site-packages/airflow/example_dags/example_skip_dag.py
[2023-11-10T13:10:59.400+0000] {processor.py:829} INFO - Processing file /home/airflow/.local/lib/python3.8/site-packages/airflow/example_dags/example_skip_dag.py for tasks to queue
[2023-11-10T13:10:59.402+0000] {logging_mixin.py:154} INFO - [2023-11-10T13:10:59.402+0000] {dagbag.py:536} INFO - Filling up the DagBag from /home/airflow/.local/lib/python3.8/site-packages/airflow/example_dags/example_skip_dag.py
[2023-11-10T13:10:59.411+0000] {processor.py:839} INFO - DAG(s) dict_keys(['example_skip_dag']) retrieved from /home/airflow/.local/lib/python3.8/site-packages/airflow/example_dags/example_skip_dag.py
[2023-11-10T13:10:59.419+0000] {logging_mixin.py:154} INFO - [2023-11-10T13:10:59.418+0000] {dag.py:2941} INFO - Sync 1 DAGs
[2023-11-10T13:10:59.434+0000] {logging_mixin.py:154} INFO - [2023-11-10T13:10:59.433+0000] {dag.py:3722} INFO - Setting next_dagrun for example_skip_dag to 2023-11-09T13:10:59.433764+00:00, run_after=2023-11-10T13:10:59.433764+00:00
[2023-11-10T13:10:59.450+0000] {processor.py:179} INFO - Processing /home/airflow/.local/lib/python3.8/site-packages/airflow/example_dags/example_skip_dag.py took 0.054 seconds
[2023-11-10T13:11:29.595+0000] {processor.py:157} INFO - Started process (PID=99) to work on /home/airflow/.local/lib/python3.8/site-packages/airflow/example_dags/example_skip_dag.py
[2023-11-10T13:11:29.595+0000] {processor.py:829} INFO - Processing file /home/airflow/.local/lib/python3.8/site-packages/airflow/example_dags/example_skip_dag.py for tasks to queue
[2023-11-10T13:11:29.597+0000] {logging_mixin.py:154} INFO - [2023-11-10T13:11:29.597+0000] {dagbag.py:536} INFO - Filling up the DagBag from /home/airflow/.local/lib/python3.8/site-packages/airflow/example_dags/example_skip_dag.py
[2023-11-10T13:11:29.602+0000] {processor.py:839} INFO - DAG(s) dict_keys(['example_skip_dag']) retrieved from /home/airflow/.local/lib/python3.8/site-packages/airflow/example_dags/example_skip_dag.py
[2023-11-10T13:11:29.620+0000] {logging_mixin.py:154} INFO - [2023-11-10T13:11:29.619+0000] {dag.py:2941} INFO - Sync 1 DAGs
[2023-11-10T13:11:29.640+0000] {logging_mixin.py:154} INFO - [2023-11-10T13:11:29.640+0000] {dag.py:3722} INFO - Setting next_dagrun for example_skip_dag to 2023-11-09T13:11:29.640237+00:00, run_after=2023-11-10T13:11:29.640237+00:00
[2023-11-10T13:11:29.654+0000] {processor.py:179} INFO - Processing /home/airflow/.local/lib/python3.8/site-packages/airflow/example_dags/example_skip_dag.py took 0.061 seconds
[2023-11-10T13:11:59.963+0000] {processor.py:157} INFO - Started process (PID=153) to work on /home/airflow/.local/lib/python3.8/site-packages/airflow/example_dags/example_skip_dag.py
[2023-11-10T13:11:59.963+0000] {processor.py:829} INFO - Processing file /home/airflow/.local/lib/python3.8/site-packages/airflow/example_dags/example_skip_dag.py for tasks to queue
[2023-11-10T13:11:59.965+0000] {logging_mixin.py:154} INFO - [2023-11-10T13:11:59.965+0000] {dagbag.py:536} INFO - Filling up the DagBag from /home/airflow/.local/lib/python3.8/site-packages/airflow/example_dags/example_skip_dag.py
[2023-11-10T13:11:59.971+0000] {processor.py:839} INFO - DAG(s) dict_keys(['example_skip_dag']) retrieved from /home/airflow/.local/lib/python3.8/site-packages/airflow/example_dags/example_skip_dag.py
[2023-11-10T13:11:59.988+0000] {logging_mixin.py:154} INFO - [2023-11-10T13:11:59.987+0000] {dag.py:2941} INFO - Sync 1 DAGs
[2023-11-10T13:12:00.006+0000] {logging_mixin.py:154} INFO - [2023-11-10T13:12:00.006+0000] {dag.py:3722} INFO - Setting next_dagrun for example_skip_dag to 2023-11-09T13:12:00.006119+00:00, run_after=2023-11-10T13:12:00.006119+00:00
[2023-11-10T13:12:00.020+0000] {processor.py:179} INFO - Processing /home/airflow/.local/lib/python3.8/site-packages/airflow/example_dags/example_skip_dag.py took 0.059 seconds
