[2023-11-10T13:10:59.766+0000] {processor.py:157} INFO - Started process (PID=52) to work on /home/airflow/.local/lib/python3.8/site-packages/airflow/example_dags/example_dag_decorator.py
[2023-11-10T13:10:59.766+0000] {processor.py:829} INFO - Processing file /home/airflow/.local/lib/python3.8/site-packages/airflow/example_dags/example_dag_decorator.py for tasks to queue
[2023-11-10T13:10:59.768+0000] {logging_mixin.py:154} INFO - [2023-11-10T13:10:59.768+0000] {dagbag.py:536} INFO - Filling up the DagBag from /home/airflow/.local/lib/python3.8/site-packages/airflow/example_dags/example_dag_decorator.py
[2023-11-10T13:10:59.875+0000] {processor.py:839} INFO - DAG(s) dict_keys(['example_dag_decorator']) retrieved from /home/airflow/.local/lib/python3.8/site-packages/airflow/example_dags/example_dag_decorator.py
[2023-11-10T13:10:59.887+0000] {logging_mixin.py:154} INFO - [2023-11-10T13:10:59.887+0000] {dag.py:2941} INFO - Sync 1 DAGs
[2023-11-10T13:10:59.901+0000] {logging_mixin.py:154} INFO - [2023-11-10T13:10:59.900+0000] {dag.py:3722} INFO - Setting next_dagrun for example_dag_decorator to None, run_after=None
[2023-11-10T13:10:59.920+0000] {processor.py:179} INFO - Processing /home/airflow/.local/lib/python3.8/site-packages/airflow/example_dags/example_dag_decorator.py took 0.156 seconds
[2023-11-10T13:11:29.967+0000] {processor.py:157} INFO - Started process (PID=108) to work on /home/airflow/.local/lib/python3.8/site-packages/airflow/example_dags/example_dag_decorator.py
[2023-11-10T13:11:29.967+0000] {processor.py:829} INFO - Processing file /home/airflow/.local/lib/python3.8/site-packages/airflow/example_dags/example_dag_decorator.py for tasks to queue
[2023-11-10T13:11:29.969+0000] {logging_mixin.py:154} INFO - [2023-11-10T13:11:29.969+0000] {dagbag.py:536} INFO - Filling up the DagBag from /home/airflow/.local/lib/python3.8/site-packages/airflow/example_dags/example_dag_decorator.py
[2023-11-10T13:11:30.019+0000] {processor.py:839} INFO - DAG(s) dict_keys(['example_dag_decorator']) retrieved from /home/airflow/.local/lib/python3.8/site-packages/airflow/example_dags/example_dag_decorator.py
[2023-11-10T13:11:30.089+0000] {logging_mixin.py:154} INFO - [2023-11-10T13:11:30.089+0000] {dag.py:2941} INFO - Sync 1 DAGs
[2023-11-10T13:11:30.245+0000] {logging_mixin.py:154} INFO - [2023-11-10T13:11:30.244+0000] {dag.py:3722} INFO - Setting next_dagrun for example_dag_decorator to None, run_after=None
[2023-11-10T13:11:30.262+0000] {processor.py:179} INFO - Processing /home/airflow/.local/lib/python3.8/site-packages/airflow/example_dags/example_dag_decorator.py took 0.298 seconds
[2023-11-10T13:12:00.372+0000] {processor.py:157} INFO - Started process (PID=162) to work on /home/airflow/.local/lib/python3.8/site-packages/airflow/example_dags/example_dag_decorator.py
[2023-11-10T13:12:00.373+0000] {processor.py:829} INFO - Processing file /home/airflow/.local/lib/python3.8/site-packages/airflow/example_dags/example_dag_decorator.py for tasks to queue
[2023-11-10T13:12:00.375+0000] {logging_mixin.py:154} INFO - [2023-11-10T13:12:00.375+0000] {dagbag.py:536} INFO - Filling up the DagBag from /home/airflow/.local/lib/python3.8/site-packages/airflow/example_dags/example_dag_decorator.py
[2023-11-10T13:12:00.429+0000] {processor.py:839} INFO - DAG(s) dict_keys(['example_dag_decorator']) retrieved from /home/airflow/.local/lib/python3.8/site-packages/airflow/example_dags/example_dag_decorator.py
[2023-11-10T13:12:00.505+0000] {logging_mixin.py:154} INFO - [2023-11-10T13:12:00.505+0000] {dag.py:2941} INFO - Sync 1 DAGs
[2023-11-10T13:12:00.515+0000] {logging_mixin.py:154} INFO - [2023-11-10T13:12:00.515+0000] {dag.py:3722} INFO - Setting next_dagrun for example_dag_decorator to None, run_after=None
[2023-11-10T13:12:00.530+0000] {processor.py:179} INFO - Processing /home/airflow/.local/lib/python3.8/site-packages/airflow/example_dags/example_dag_decorator.py took 0.160 seconds
