[2023-11-10T13:10:59.543+0000] {processor.py:157} INFO - Started process (PID=48) to work on /home/airflow/.local/lib/python3.8/site-packages/airflow/example_dags/example_branch_python_dop_operator_3.py
[2023-11-10T13:10:59.544+0000] {processor.py:829} INFO - Processing file /home/airflow/.local/lib/python3.8/site-packages/airflow/example_dags/example_branch_python_dop_operator_3.py for tasks to queue
[2023-11-10T13:10:59.546+0000] {logging_mixin.py:154} INFO - [2023-11-10T13:10:59.545+0000] {dagbag.py:536} INFO - Filling up the DagBag from /home/airflow/.local/lib/python3.8/site-packages/airflow/example_dags/example_branch_python_dop_operator_3.py
[2023-11-10T13:10:59.554+0000] {processor.py:839} INFO - DAG(s) dict_keys(['example_branch_dop_operator_v3']) retrieved from /home/airflow/.local/lib/python3.8/site-packages/airflow/example_dags/example_branch_python_dop_operator_3.py
[2023-11-10T13:10:59.564+0000] {logging_mixin.py:154} INFO - [2023-11-10T13:10:59.563+0000] {dag.py:2941} INFO - Sync 1 DAGs
[2023-11-10T13:10:59.592+0000] {logging_mixin.py:154} INFO - [2023-11-10T13:10:59.591+0000] {dag.py:3722} INFO - Setting next_dagrun for example_branch_dop_operator_v3 to 2023-11-10T13:09:00+00:00, run_after=2023-11-10T13:10:00+00:00
[2023-11-10T13:10:59.612+0000] {processor.py:179} INFO - Processing /home/airflow/.local/lib/python3.8/site-packages/airflow/example_dags/example_branch_python_dop_operator_3.py took 0.071 seconds
[2023-11-10T13:11:29.727+0000] {processor.py:157} INFO - Started process (PID=102) to work on /home/airflow/.local/lib/python3.8/site-packages/airflow/example_dags/example_branch_python_dop_operator_3.py
[2023-11-10T13:11:29.728+0000] {processor.py:829} INFO - Processing file /home/airflow/.local/lib/python3.8/site-packages/airflow/example_dags/example_branch_python_dop_operator_3.py for tasks to queue
[2023-11-10T13:11:29.730+0000] {logging_mixin.py:154} INFO - [2023-11-10T13:11:29.730+0000] {dagbag.py:536} INFO - Filling up the DagBag from /home/airflow/.local/lib/python3.8/site-packages/airflow/example_dags/example_branch_python_dop_operator_3.py
[2023-11-10T13:11:29.738+0000] {processor.py:839} INFO - DAG(s) dict_keys(['example_branch_dop_operator_v3']) retrieved from /home/airflow/.local/lib/python3.8/site-packages/airflow/example_dags/example_branch_python_dop_operator_3.py
[2023-11-10T13:11:29.757+0000] {logging_mixin.py:154} INFO - [2023-11-10T13:11:29.757+0000] {dag.py:2941} INFO - Sync 1 DAGs
[2023-11-10T13:11:29.786+0000] {logging_mixin.py:154} INFO - [2023-11-10T13:11:29.786+0000] {dag.py:3722} INFO - Setting next_dagrun for example_branch_dop_operator_v3 to 2023-11-10T13:10:00+00:00, run_after=2023-11-10T13:11:00+00:00
[2023-11-10T13:11:29.807+0000] {processor.py:179} INFO - Processing /home/airflow/.local/lib/python3.8/site-packages/airflow/example_dags/example_branch_python_dop_operator_3.py took 0.082 seconds
[2023-11-10T13:12:00.100+0000] {processor.py:157} INFO - Started process (PID=156) to work on /home/airflow/.local/lib/python3.8/site-packages/airflow/example_dags/example_branch_python_dop_operator_3.py
[2023-11-10T13:12:00.101+0000] {processor.py:829} INFO - Processing file /home/airflow/.local/lib/python3.8/site-packages/airflow/example_dags/example_branch_python_dop_operator_3.py for tasks to queue
[2023-11-10T13:12:00.102+0000] {logging_mixin.py:154} INFO - [2023-11-10T13:12:00.102+0000] {dagbag.py:536} INFO - Filling up the DagBag from /home/airflow/.local/lib/python3.8/site-packages/airflow/example_dags/example_branch_python_dop_operator_3.py
[2023-11-10T13:12:00.108+0000] {processor.py:839} INFO - DAG(s) dict_keys(['example_branch_dop_operator_v3']) retrieved from /home/airflow/.local/lib/python3.8/site-packages/airflow/example_dags/example_branch_python_dop_operator_3.py
[2023-11-10T13:12:00.122+0000] {logging_mixin.py:154} INFO - [2023-11-10T13:12:00.122+0000] {dag.py:2941} INFO - Sync 1 DAGs
[2023-11-10T13:12:00.140+0000] {logging_mixin.py:154} INFO - [2023-11-10T13:12:00.140+0000] {dag.py:3722} INFO - Setting next_dagrun for example_branch_dop_operator_v3 to 2023-11-10T13:11:00+00:00, run_after=2023-11-10T13:12:00+00:00
[2023-11-10T13:12:00.153+0000] {processor.py:179} INFO - Processing /home/airflow/.local/lib/python3.8/site-packages/airflow/example_dags/example_branch_python_dop_operator_3.py took 0.055 seconds
