[2023-11-10T13:11:00.424+0000] {processor.py:157} INFO - Started process (PID=66) to work on /home/airflow/.local/lib/python3.8/site-packages/airflow/example_dags/example_sensor_decorator.py
[2023-11-10T13:11:00.425+0000] {processor.py:829} INFO - Processing file /home/airflow/.local/lib/python3.8/site-packages/airflow/example_dags/example_sensor_decorator.py for tasks to queue
[2023-11-10T13:11:00.428+0000] {logging_mixin.py:154} INFO - [2023-11-10T13:11:00.427+0000] {dagbag.py:536} INFO - Filling up the DagBag from /home/airflow/.local/lib/python3.8/site-packages/airflow/example_dags/example_sensor_decorator.py
[2023-11-10T13:11:00.434+0000] {processor.py:839} INFO - DAG(s) dict_keys(['example_sensor_decorator']) retrieved from /home/airflow/.local/lib/python3.8/site-packages/airflow/example_dags/example_sensor_decorator.py
[2023-11-10T13:11:00.445+0000] {logging_mixin.py:154} INFO - [2023-11-10T13:11:00.445+0000] {dag.py:2941} INFO - Sync 1 DAGs
[2023-11-10T13:11:00.456+0000] {logging_mixin.py:154} INFO - [2023-11-10T13:11:00.456+0000] {dag.py:3722} INFO - Setting next_dagrun for example_sensor_decorator to None, run_after=None
[2023-11-10T13:11:00.476+0000] {processor.py:179} INFO - Processing /home/airflow/.local/lib/python3.8/site-packages/airflow/example_dags/example_sensor_decorator.py took 0.055 seconds
[2023-11-10T13:11:30.787+0000] {processor.py:157} INFO - Started process (PID=120) to work on /home/airflow/.local/lib/python3.8/site-packages/airflow/example_dags/example_sensor_decorator.py
[2023-11-10T13:11:30.787+0000] {processor.py:829} INFO - Processing file /home/airflow/.local/lib/python3.8/site-packages/airflow/example_dags/example_sensor_decorator.py for tasks to queue
[2023-11-10T13:11:30.789+0000] {logging_mixin.py:154} INFO - [2023-11-10T13:11:30.789+0000] {dagbag.py:536} INFO - Filling up the DagBag from /home/airflow/.local/lib/python3.8/site-packages/airflow/example_dags/example_sensor_decorator.py
[2023-11-10T13:11:30.793+0000] {processor.py:839} INFO - DAG(s) dict_keys(['example_sensor_decorator']) retrieved from /home/airflow/.local/lib/python3.8/site-packages/airflow/example_dags/example_sensor_decorator.py
[2023-11-10T13:11:30.807+0000] {logging_mixin.py:154} INFO - [2023-11-10T13:11:30.807+0000] {dag.py:2941} INFO - Sync 1 DAGs
[2023-11-10T13:11:30.817+0000] {logging_mixin.py:154} INFO - [2023-11-10T13:11:30.817+0000] {dag.py:3722} INFO - Setting next_dagrun for example_sensor_decorator to None, run_after=None
[2023-11-10T13:11:30.831+0000] {processor.py:179} INFO - Processing /home/airflow/.local/lib/python3.8/site-packages/airflow/example_dags/example_sensor_decorator.py took 0.047 seconds
[2023-11-10T13:12:01.014+0000] {processor.py:157} INFO - Started process (PID=174) to work on /home/airflow/.local/lib/python3.8/site-packages/airflow/example_dags/example_sensor_decorator.py
[2023-11-10T13:12:01.015+0000] {processor.py:829} INFO - Processing file /home/airflow/.local/lib/python3.8/site-packages/airflow/example_dags/example_sensor_decorator.py for tasks to queue
[2023-11-10T13:12:01.018+0000] {logging_mixin.py:154} INFO - [2023-11-10T13:12:01.017+0000] {dagbag.py:536} INFO - Filling up the DagBag from /home/airflow/.local/lib/python3.8/site-packages/airflow/example_dags/example_sensor_decorator.py
[2023-11-10T13:12:01.024+0000] {processor.py:839} INFO - DAG(s) dict_keys(['example_sensor_decorator']) retrieved from /home/airflow/.local/lib/python3.8/site-packages/airflow/example_dags/example_sensor_decorator.py
[2023-11-10T13:12:01.046+0000] {logging_mixin.py:154} INFO - [2023-11-10T13:12:01.045+0000] {dag.py:2941} INFO - Sync 1 DAGs
[2023-11-10T13:12:01.059+0000] {logging_mixin.py:154} INFO - [2023-11-10T13:12:01.059+0000] {dag.py:3722} INFO - Setting next_dagrun for example_sensor_decorator to None, run_after=None
[2023-11-10T13:12:01.078+0000] {processor.py:179} INFO - Processing /home/airflow/.local/lib/python3.8/site-packages/airflow/example_dags/example_sensor_decorator.py took 0.068 seconds
