[2023-11-10T13:10:59.694+0000] {processor.py:157} INFO - Started process (PID=50) to work on /home/airflow/.local/lib/python3.8/site-packages/airflow/example_dags/example_setup_teardown.py
[2023-11-10T13:10:59.695+0000] {processor.py:829} INFO - Processing file /home/airflow/.local/lib/python3.8/site-packages/airflow/example_dags/example_setup_teardown.py for tasks to queue
[2023-11-10T13:10:59.696+0000] {logging_mixin.py:154} INFO - [2023-11-10T13:10:59.696+0000] {dagbag.py:536} INFO - Filling up the DagBag from /home/airflow/.local/lib/python3.8/site-packages/airflow/example_dags/example_setup_teardown.py
[2023-11-10T13:10:59.704+0000] {processor.py:839} INFO - DAG(s) dict_keys(['example_setup_teardown']) retrieved from /home/airflow/.local/lib/python3.8/site-packages/airflow/example_dags/example_setup_teardown.py
[2023-11-10T13:10:59.713+0000] {logging_mixin.py:154} INFO - [2023-11-10T13:10:59.713+0000] {dag.py:2941} INFO - Sync 1 DAGs
[2023-11-10T13:10:59.730+0000] {logging_mixin.py:154} INFO - [2023-11-10T13:10:59.730+0000] {dag.py:3722} INFO - Setting next_dagrun for example_setup_teardown to 2023-11-09T13:10:59.729828+00:00, run_after=2023-11-10T13:10:59.729828+00:00
[2023-11-10T13:10:59.747+0000] {processor.py:179} INFO - Processing /home/airflow/.local/lib/python3.8/site-packages/airflow/example_dags/example_setup_teardown.py took 0.055 seconds
[2023-11-10T13:11:29.828+0000] {processor.py:157} INFO - Started process (PID=104) to work on /home/airflow/.local/lib/python3.8/site-packages/airflow/example_dags/example_setup_teardown.py
[2023-11-10T13:11:29.830+0000] {processor.py:829} INFO - Processing file /home/airflow/.local/lib/python3.8/site-packages/airflow/example_dags/example_setup_teardown.py for tasks to queue
[2023-11-10T13:11:29.832+0000] {logging_mixin.py:154} INFO - [2023-11-10T13:11:29.832+0000] {dagbag.py:536} INFO - Filling up the DagBag from /home/airflow/.local/lib/python3.8/site-packages/airflow/example_dags/example_setup_teardown.py
[2023-11-10T13:11:29.837+0000] {processor.py:839} INFO - DAG(s) dict_keys(['example_setup_teardown']) retrieved from /home/airflow/.local/lib/python3.8/site-packages/airflow/example_dags/example_setup_teardown.py
[2023-11-10T13:11:29.853+0000] {logging_mixin.py:154} INFO - [2023-11-10T13:11:29.853+0000] {dag.py:2941} INFO - Sync 1 DAGs
[2023-11-10T13:11:29.872+0000] {logging_mixin.py:154} INFO - [2023-11-10T13:11:29.872+0000] {dag.py:3722} INFO - Setting next_dagrun for example_setup_teardown to 2023-11-09T13:11:29.872032+00:00, run_after=2023-11-10T13:11:29.872032+00:00
[2023-11-10T13:11:29.886+0000] {processor.py:179} INFO - Processing /home/airflow/.local/lib/python3.8/site-packages/airflow/example_dags/example_setup_teardown.py took 0.060 seconds
[2023-11-10T13:12:00.175+0000] {processor.py:157} INFO - Started process (PID=158) to work on /home/airflow/.local/lib/python3.8/site-packages/airflow/example_dags/example_setup_teardown.py
[2023-11-10T13:12:00.176+0000] {processor.py:829} INFO - Processing file /home/airflow/.local/lib/python3.8/site-packages/airflow/example_dags/example_setup_teardown.py for tasks to queue
[2023-11-10T13:12:00.177+0000] {logging_mixin.py:154} INFO - [2023-11-10T13:12:00.177+0000] {dagbag.py:536} INFO - Filling up the DagBag from /home/airflow/.local/lib/python3.8/site-packages/airflow/example_dags/example_setup_teardown.py
[2023-11-10T13:12:00.182+0000] {processor.py:839} INFO - DAG(s) dict_keys(['example_setup_teardown']) retrieved from /home/airflow/.local/lib/python3.8/site-packages/airflow/example_dags/example_setup_teardown.py
[2023-11-10T13:12:00.197+0000] {logging_mixin.py:154} INFO - [2023-11-10T13:12:00.197+0000] {dag.py:2941} INFO - Sync 1 DAGs
[2023-11-10T13:12:00.213+0000] {logging_mixin.py:154} INFO - [2023-11-10T13:12:00.213+0000] {dag.py:3722} INFO - Setting next_dagrun for example_setup_teardown to 2023-11-09T13:12:00.212955+00:00, run_after=2023-11-10T13:12:00.212955+00:00
[2023-11-10T13:12:00.227+0000] {processor.py:179} INFO - Processing /home/airflow/.local/lib/python3.8/site-packages/airflow/example_dags/example_setup_teardown.py took 0.055 seconds
