[2023-11-10T13:10:59.777+0000] {processor.py:157} INFO - Started process (PID=53) to work on /home/airflow/.local/lib/python3.8/site-packages/airflow/example_dags/tutorial_taskflow_api.py
[2023-11-10T13:10:59.778+0000] {processor.py:829} INFO - Processing file /home/airflow/.local/lib/python3.8/site-packages/airflow/example_dags/tutorial_taskflow_api.py for tasks to queue
[2023-11-10T13:10:59.781+0000] {logging_mixin.py:154} INFO - [2023-11-10T13:10:59.780+0000] {dagbag.py:536} INFO - Filling up the DagBag from /home/airflow/.local/lib/python3.8/site-packages/airflow/example_dags/tutorial_taskflow_api.py
[2023-11-10T13:10:59.790+0000] {processor.py:839} INFO - DAG(s) dict_keys(['tutorial_taskflow_api']) retrieved from /home/airflow/.local/lib/python3.8/site-packages/airflow/example_dags/tutorial_taskflow_api.py
[2023-11-10T13:10:59.800+0000] {logging_mixin.py:154} INFO - [2023-11-10T13:10:59.800+0000] {dag.py:2941} INFO - Sync 1 DAGs
[2023-11-10T13:10:59.810+0000] {logging_mixin.py:154} INFO - [2023-11-10T13:10:59.810+0000] {dag.py:3722} INFO - Setting next_dagrun for tutorial_taskflow_api to None, run_after=None
[2023-11-10T13:10:59.824+0000] {processor.py:179} INFO - Processing /home/airflow/.local/lib/python3.8/site-packages/airflow/example_dags/tutorial_taskflow_api.py took 0.049 seconds
[2023-11-10T13:11:29.901+0000] {processor.py:157} INFO - Started process (PID=106) to work on /home/airflow/.local/lib/python3.8/site-packages/airflow/example_dags/tutorial_taskflow_api.py
[2023-11-10T13:11:29.902+0000] {processor.py:829} INFO - Processing file /home/airflow/.local/lib/python3.8/site-packages/airflow/example_dags/tutorial_taskflow_api.py for tasks to queue
[2023-11-10T13:11:29.904+0000] {logging_mixin.py:154} INFO - [2023-11-10T13:11:29.904+0000] {dagbag.py:536} INFO - Filling up the DagBag from /home/airflow/.local/lib/python3.8/site-packages/airflow/example_dags/tutorial_taskflow_api.py
[2023-11-10T13:11:29.909+0000] {processor.py:839} INFO - DAG(s) dict_keys(['tutorial_taskflow_api']) retrieved from /home/airflow/.local/lib/python3.8/site-packages/airflow/example_dags/tutorial_taskflow_api.py
[2023-11-10T13:11:29.926+0000] {logging_mixin.py:154} INFO - [2023-11-10T13:11:29.926+0000] {dag.py:2941} INFO - Sync 1 DAGs
[2023-11-10T13:11:29.937+0000] {logging_mixin.py:154} INFO - [2023-11-10T13:11:29.937+0000] {dag.py:3722} INFO - Setting next_dagrun for tutorial_taskflow_api to None, run_after=None
[2023-11-10T13:11:29.950+0000] {processor.py:179} INFO - Processing /home/airflow/.local/lib/python3.8/site-packages/airflow/example_dags/tutorial_taskflow_api.py took 0.051 seconds
[2023-11-10T13:12:00.310+0000] {processor.py:157} INFO - Started process (PID=160) to work on /home/airflow/.local/lib/python3.8/site-packages/airflow/example_dags/tutorial_taskflow_api.py
[2023-11-10T13:12:00.311+0000] {processor.py:829} INFO - Processing file /home/airflow/.local/lib/python3.8/site-packages/airflow/example_dags/tutorial_taskflow_api.py for tasks to queue
[2023-11-10T13:12:00.312+0000] {logging_mixin.py:154} INFO - [2023-11-10T13:12:00.312+0000] {dagbag.py:536} INFO - Filling up the DagBag from /home/airflow/.local/lib/python3.8/site-packages/airflow/example_dags/tutorial_taskflow_api.py
[2023-11-10T13:12:00.317+0000] {processor.py:839} INFO - DAG(s) dict_keys(['tutorial_taskflow_api']) retrieved from /home/airflow/.local/lib/python3.8/site-packages/airflow/example_dags/tutorial_taskflow_api.py
[2023-11-10T13:12:00.332+0000] {logging_mixin.py:154} INFO - [2023-11-10T13:12:00.332+0000] {dag.py:2941} INFO - Sync 1 DAGs
[2023-11-10T13:12:00.342+0000] {logging_mixin.py:154} INFO - [2023-11-10T13:12:00.342+0000] {dag.py:3722} INFO - Setting next_dagrun for tutorial_taskflow_api to None, run_after=None
[2023-11-10T13:12:00.355+0000] {processor.py:179} INFO - Processing /home/airflow/.local/lib/python3.8/site-packages/airflow/example_dags/tutorial_taskflow_api.py took 0.047 seconds
