[2023-11-10T13:10:59.839+0000] {processor.py:157} INFO - Started process (PID=54) to work on /home/airflow/.local/lib/python3.8/site-packages/airflow/example_dags/tutorial_dag.py
[2023-11-10T13:10:59.840+0000] {processor.py:829} INFO - Processing file /home/airflow/.local/lib/python3.8/site-packages/airflow/example_dags/tutorial_dag.py for tasks to queue
[2023-11-10T13:10:59.842+0000] {logging_mixin.py:154} INFO - [2023-11-10T13:10:59.842+0000] {dagbag.py:536} INFO - Filling up the DagBag from /home/airflow/.local/lib/python3.8/site-packages/airflow/example_dags/tutorial_dag.py
[2023-11-10T13:10:59.848+0000] {processor.py:839} INFO - DAG(s) dict_keys(['tutorial_dag']) retrieved from /home/airflow/.local/lib/python3.8/site-packages/airflow/example_dags/tutorial_dag.py
[2023-11-10T13:10:59.857+0000] {logging_mixin.py:154} INFO - [2023-11-10T13:10:59.857+0000] {dag.py:2941} INFO - Sync 1 DAGs
[2023-11-10T13:10:59.868+0000] {logging_mixin.py:154} INFO - [2023-11-10T13:10:59.868+0000] {dag.py:3722} INFO - Setting next_dagrun for tutorial_dag to None, run_after=None
[2023-11-10T13:10:59.886+0000] {processor.py:179} INFO - Processing /home/airflow/.local/lib/python3.8/site-packages/airflow/example_dags/tutorial_dag.py took 0.048 seconds
[2023-11-10T13:11:29.930+0000] {processor.py:157} INFO - Started process (PID=107) to work on /home/airflow/.local/lib/python3.8/site-packages/airflow/example_dags/tutorial_dag.py
[2023-11-10T13:11:29.930+0000] {processor.py:829} INFO - Processing file /home/airflow/.local/lib/python3.8/site-packages/airflow/example_dags/tutorial_dag.py for tasks to queue
[2023-11-10T13:11:29.932+0000] {logging_mixin.py:154} INFO - [2023-11-10T13:11:29.932+0000] {dagbag.py:536} INFO - Filling up the DagBag from /home/airflow/.local/lib/python3.8/site-packages/airflow/example_dags/tutorial_dag.py
[2023-11-10T13:11:29.936+0000] {processor.py:839} INFO - DAG(s) dict_keys(['tutorial_dag']) retrieved from /home/airflow/.local/lib/python3.8/site-packages/airflow/example_dags/tutorial_dag.py
[2023-11-10T13:11:29.950+0000] {logging_mixin.py:154} INFO - [2023-11-10T13:11:29.950+0000] {dag.py:2941} INFO - Sync 1 DAGs
[2023-11-10T13:11:29.960+0000] {logging_mixin.py:154} INFO - [2023-11-10T13:11:29.960+0000] {dag.py:3722} INFO - Setting next_dagrun for tutorial_dag to None, run_after=None
[2023-11-10T13:11:29.974+0000] {processor.py:179} INFO - Processing /home/airflow/.local/lib/python3.8/site-packages/airflow/example_dags/tutorial_dag.py took 0.047 seconds
[2023-11-10T13:12:00.315+0000] {processor.py:157} INFO - Started process (PID=161) to work on /home/airflow/.local/lib/python3.8/site-packages/airflow/example_dags/tutorial_dag.py
[2023-11-10T13:12:00.315+0000] {processor.py:829} INFO - Processing file /home/airflow/.local/lib/python3.8/site-packages/airflow/example_dags/tutorial_dag.py for tasks to queue
[2023-11-10T13:12:00.317+0000] {logging_mixin.py:154} INFO - [2023-11-10T13:12:00.316+0000] {dagbag.py:536} INFO - Filling up the DagBag from /home/airflow/.local/lib/python3.8/site-packages/airflow/example_dags/tutorial_dag.py
[2023-11-10T13:12:00.322+0000] {processor.py:839} INFO - DAG(s) dict_keys(['tutorial_dag']) retrieved from /home/airflow/.local/lib/python3.8/site-packages/airflow/example_dags/tutorial_dag.py
[2023-11-10T13:12:00.336+0000] {logging_mixin.py:154} INFO - [2023-11-10T13:12:00.336+0000] {dag.py:2941} INFO - Sync 1 DAGs
[2023-11-10T13:12:00.345+0000] {logging_mixin.py:154} INFO - [2023-11-10T13:12:00.345+0000] {dag.py:3722} INFO - Setting next_dagrun for tutorial_dag to None, run_after=None
[2023-11-10T13:12:00.357+0000] {processor.py:179} INFO - Processing /home/airflow/.local/lib/python3.8/site-packages/airflow/example_dags/tutorial_dag.py took 0.045 seconds
