[2023-11-10T13:11:00.313+0000] {processor.py:157} INFO - Started process (PID=64) to work on /home/airflow/.local/lib/python3.8/site-packages/airflow/example_dags/tutorial.py
[2023-11-10T13:11:00.315+0000] {processor.py:829} INFO - Processing file /home/airflow/.local/lib/python3.8/site-packages/airflow/example_dags/tutorial.py for tasks to queue
[2023-11-10T13:11:00.320+0000] {logging_mixin.py:154} INFO - [2023-11-10T13:11:00.320+0000] {dagbag.py:536} INFO - Filling up the DagBag from /home/airflow/.local/lib/python3.8/site-packages/airflow/example_dags/tutorial.py
[2023-11-10T13:11:00.336+0000] {processor.py:839} INFO - DAG(s) dict_keys(['tutorial']) retrieved from /home/airflow/.local/lib/python3.8/site-packages/airflow/example_dags/tutorial.py
[2023-11-10T13:11:00.352+0000] {logging_mixin.py:154} INFO - [2023-11-10T13:11:00.351+0000] {dag.py:2941} INFO - Sync 1 DAGs
[2023-11-10T13:11:00.385+0000] {logging_mixin.py:154} INFO - [2023-11-10T13:11:00.385+0000] {dag.py:3722} INFO - Setting next_dagrun for tutorial to 2023-11-09T13:11:00.384741+00:00, run_after=2023-11-10T13:11:00.384741+00:00
[2023-11-10T13:11:00.403+0000] {processor.py:179} INFO - Processing /home/airflow/.local/lib/python3.8/site-packages/airflow/example_dags/tutorial.py took 0.096 seconds
[2023-11-10T13:11:30.714+0000] {processor.py:157} INFO - Started process (PID=118) to work on /home/airflow/.local/lib/python3.8/site-packages/airflow/example_dags/tutorial.py
[2023-11-10T13:11:30.714+0000] {processor.py:829} INFO - Processing file /home/airflow/.local/lib/python3.8/site-packages/airflow/example_dags/tutorial.py for tasks to queue
[2023-11-10T13:11:30.717+0000] {logging_mixin.py:154} INFO - [2023-11-10T13:11:30.716+0000] {dagbag.py:536} INFO - Filling up the DagBag from /home/airflow/.local/lib/python3.8/site-packages/airflow/example_dags/tutorial.py
[2023-11-10T13:11:30.721+0000] {processor.py:839} INFO - DAG(s) dict_keys(['tutorial']) retrieved from /home/airflow/.local/lib/python3.8/site-packages/airflow/example_dags/tutorial.py
[2023-11-10T13:11:30.738+0000] {logging_mixin.py:154} INFO - [2023-11-10T13:11:30.738+0000] {dag.py:2941} INFO - Sync 1 DAGs
[2023-11-10T13:11:30.755+0000] {logging_mixin.py:154} INFO - [2023-11-10T13:11:30.755+0000] {dag.py:3722} INFO - Setting next_dagrun for tutorial to 2023-11-09T13:11:30.754870+00:00, run_after=2023-11-10T13:11:30.754870+00:00
[2023-11-10T13:11:30.769+0000] {processor.py:179} INFO - Processing /home/airflow/.local/lib/python3.8/site-packages/airflow/example_dags/tutorial.py took 0.057 seconds
[2023-11-10T13:12:00.896+0000] {processor.py:157} INFO - Started process (PID=172) to work on /home/airflow/.local/lib/python3.8/site-packages/airflow/example_dags/tutorial.py
[2023-11-10T13:12:00.898+0000] {processor.py:829} INFO - Processing file /home/airflow/.local/lib/python3.8/site-packages/airflow/example_dags/tutorial.py for tasks to queue
[2023-11-10T13:12:00.902+0000] {logging_mixin.py:154} INFO - [2023-11-10T13:12:00.902+0000] {dagbag.py:536} INFO - Filling up the DagBag from /home/airflow/.local/lib/python3.8/site-packages/airflow/example_dags/tutorial.py
[2023-11-10T13:12:00.911+0000] {processor.py:839} INFO - DAG(s) dict_keys(['tutorial']) retrieved from /home/airflow/.local/lib/python3.8/site-packages/airflow/example_dags/tutorial.py
[2023-11-10T13:12:00.938+0000] {logging_mixin.py:154} INFO - [2023-11-10T13:12:00.937+0000] {dag.py:2941} INFO - Sync 1 DAGs
[2023-11-10T13:12:00.965+0000] {logging_mixin.py:154} INFO - [2023-11-10T13:12:00.965+0000] {dag.py:3722} INFO - Setting next_dagrun for tutorial to 2023-11-09T13:12:00.964812+00:00, run_after=2023-11-10T13:12:00.964812+00:00
[2023-11-10T13:12:00.988+0000] {processor.py:179} INFO - Processing /home/airflow/.local/lib/python3.8/site-packages/airflow/example_dags/tutorial.py took 0.097 seconds
